CoreGen has not been configured with any user repositories.
CoreGen has been configured with the following Xilinx repositories:
 - '/home/david/Xilinx/ISE13.2/ISE_DS/ISE/coregen/' [reloaded]
INFO:sim - Generating component instance 'dat_sram' of
   'xilinx.com:ip:blk_mem_gen:6.2' from
   '/home/david/Xilinx/ISE13.2/ISE_DS/ISE/coregen/ip/xilinx/primary/com/xilinx/i
   p/blk_mem_gen_v6_2/component.xml'.
Applying current project options...
Finished applying current project options.
WARNING:sim - A core named 'dat_sram' already exists in the project. Output
   products for this core may be overwritten.
Resolving generics for 'dat_sram'...
WARNING:sim - A core named 'dat_sram' already exists in the project. Output
   products for this core may be overwritten.
Applying external generics to 'dat_sram'...
Delivering associated files for 'dat_sram'...
WARNING:sim - Can't find 'Verilog' synthesis view; using general synthesis view
Delivering EJava files for 'dat_sram'...
Generating implementation netlist for 'dat_sram'...
INFO:sim - Pre-processing HDL files for 'dat_sram'...
Running synthesis for 'dat_sram'
Writing VEO instantiation template for 'dat_sram'...
Writing Verilog behavioral simulation model for 'dat_sram'...
Generating ASY schematic symbol...
Generating SYM schematic symbol for 'dat_sram'...
Generating metadata file...
Generating metadata file...
Generating ISE project...
Generating README file...
Generating FLIST file...
INFO:sim - Finished FLIST file generation.
Launching README viewer...
Moving files to output directory...
Finished moving files to output directory
Wrote CGP file for project 'dat_sram'.
