--------------------------------------------------------------------------------
Release 13.2 Trace  (lin)
Copyright (c) 1995-2011 Xilinx, Inc.  All rights reserved.

/home/david/Xilinx/ISE13.2/ISE_DS/ISE/bin/lin/unwrapped/trce
/home/david/Dropbox/NiederreiterCryptoprocessor/ASIP/sim/ise_project/smartxplorer_results/run3/asip_top.ncd
/home/david/Dropbox/NiederreiterCryptoprocessor/ASIP/sim/ise_project/smartxplorer_results/run3/asip_top.pcf
-xml
/home/david/Dropbox/NiederreiterCryptoprocessor/ASIP/sim/ise_project/smartxplorer_results/run3/asip_top.twx
-v 3 -s 3 -n 3 -fastpaths -ucf asip_top.ucf -o
/home/david/Dropbox/NiederreiterCryptoprocessor/ASIP/sim/ise_project/smartxplorer_results/run3/asip_top.twr

Design file:              asip_top.ncd
Physical constraint file: asip_top.pcf
Device,package,speed:     xc6vlx240t,ff784,C,-3 (PRODUCTION 1.15 2011-06-20, STEPPING level 0)
Report level:             verbose report

Environment Variable      Effect 
--------------------      ------ 
NONE                      No environment variables were set
--------------------------------------------------------------------------------

INFO:Timing:2752 - To get complete path coverage, use the unconstrained paths 
   option. All paths that are not constrained will be reported in the 
   unconstrained paths section(s) of the report.
INFO:Timing:3339 - The clock-to-out numbers in this timing report are based on 
   a 50 Ohm transmission line loading model.  For the details of this model, 
   and for more information on accounting for different loading conditions, 
   please see the device datasheet.

================================================================================
Timing constraint: TS_clk = PERIOD TIMEGRP "clk" 4 ns HIGH 50%;

 349954 paths analyzed, 48961 endpoints analyzed, 162 failing endpoints
 162 timing errors detected. (162 setup errors, 0 hold errors, 0 component switching limit errors)
 Minimum period is   4.339ns.
--------------------------------------------------------------------------------

Paths for end point asip_syn/alu/gopf_eval/eval_r_reg_134 (SLICE_X25Y74.CE), 387 paths
--------------------------------------------------------------------------------
Slack (setup path):     -0.339ns (requirement - (data path - clock path skew + uncertainty))
  Source:               asip_syn/alu/gopf_eval/index_12 (FF)
  Destination:          asip_syn/alu/gopf_eval/eval_r_reg_134 (FF)
  Requirement:          4.000ns
  Data Path Delay:      4.219ns (Levels of Logic = 4)
  Clock Path Skew:      -0.085ns (0.818 - 0.903)
  Source Clock:         clk_BUFGP rising at 0.000ns
  Destination Clock:    clk_BUFGP rising at 4.000ns
  Clock Uncertainty:    0.035ns

  Clock Uncertainty:          0.035ns  ((TSJ^2 + TIJ^2)^1/2 + DJ) / 2 + PE
    Total System Jitter (TSJ):  0.070ns
    Total Input Jitter (TIJ):   0.000ns
    Discrete Jitter (DJ):       0.000ns
    Phase Error (PE):           0.000ns

  Maximum Data Path at Slow Process Corner: asip_syn/alu/gopf_eval/index_12 to asip_syn/alu/gopf_eval/eval_r_reg_134
    Location             Delay type         Delay(ns)  Physical Resource
                                                       Logical Resource(s)
    -------------------------------------------------  -------------------
    SLICE_X10Y65.AQ      Tcko                  0.283   asip_syn/alu/gopf_eval/index<15>
                                                       asip_syn/alu/gopf_eval/index_12
    SLICE_X10Y61.B1      net (fanout=4)        0.658   asip_syn/alu/gopf_eval/index<12>
    SLICE_X10Y61.B       Tilo                  0.053   asip_syn/alu/gopf_eval/index[15]_PWR_129_o_equal_1_o<15>
                                                       asip_syn/alu/gopf_eval/index[15]_PWR_129_o_equal_1_o<15>1
    SLICE_X10Y61.A6      net (fanout=1)        0.099   asip_syn/alu/gopf_eval/index[15]_PWR_129_o_equal_1_o<15>
    SLICE_X10Y61.A       Tilo                  0.053   asip_syn/alu/gopf_eval/index[15]_PWR_129_o_equal_1_o<15>
                                                       asip_syn/alu/gopf_eval/index[15]_PWR_129_o_equal_1_o<15>3
    SLICE_X23Y44.A2      net (fanout=3)        1.181   asip_syn/alu/gopf_eval/index[15]_PWR_129_o_equal_1_o
    SLICE_X23Y44.A       Tilo                  0.053   asip_syn/alu/gopf_eval/_n0678_inv31
                                                       asip_syn/alu/gopf_eval/_n0678_inv40
    SLICE_X24Y74.A4      net (fanout=1)        1.202   asip_syn/alu/gopf_eval/_n0678_inv40
    SLICE_X24Y74.A       Tilo                  0.053   asip_syn/alu/gopf_eval/eval_r_reg<16>
                                                       asip_syn/alu/gopf_eval/_n0678_inv78
    SLICE_X25Y74.CE      net (fanout=19)       0.393   asip_syn/alu/gopf_eval/_n0678_inv
    SLICE_X25Y74.CLK     Tceck                 0.191   asip_syn/alu/gopf_eval/eval_r_reg<50>
                                                       asip_syn/alu/gopf_eval/eval_r_reg_134
    -------------------------------------------------  ---------------------------
    Total                                      4.219ns (0.686ns logic, 3.533ns route)
                                                       (16.3% logic, 83.7% route)

--------------------------------------------------------------------------------
Slack (setup path):     -0.266ns (requirement - (data path - clock path skew + uncertainty))
  Source:               asip_syn/alu/gopf_eval/index_15 (FF)
  Destination:          asip_syn/alu/gopf_eval/eval_r_reg_134 (FF)
  Requirement:          4.000ns
  Data Path Delay:      4.146ns (Levels of Logic = 4)
  Clock Path Skew:      -0.085ns (0.818 - 0.903)
  Source Clock:         clk_BUFGP rising at 0.000ns
  Destination Clock:    clk_BUFGP rising at 4.000ns
  Clock Uncertainty:    0.035ns

  Clock Uncertainty:          0.035ns  ((TSJ^2 + TIJ^2)^1/2 + DJ) / 2 + PE
    Total System Jitter (TSJ):  0.070ns
    Total Input Jitter (TIJ):   0.000ns
    Discrete Jitter (DJ):       0.000ns
    Phase Error (PE):           0.000ns

  Maximum Data Path at Slow Process Corner: asip_syn/alu/gopf_eval/index_15 to asip_syn/alu/gopf_eval/eval_r_reg_134
    Location             Delay type         Delay(ns)  Physical Resource
                                                       Logical Resource(s)
    -------------------------------------------------  -------------------
    SLICE_X10Y65.DQ      Tcko                  0.283   asip_syn/alu/gopf_eval/index<15>
                                                       asip_syn/alu/gopf_eval/index_15
    SLICE_X10Y61.B2      net (fanout=4)        0.585   asip_syn/alu/gopf_eval/index<15>
    SLICE_X10Y61.B       Tilo                  0.053   asip_syn/alu/gopf_eval/index[15]_PWR_129_o_equal_1_o<15>
                                                       asip_syn/alu/gopf_eval/index[15]_PWR_129_o_equal_1_o<15>1
    SLICE_X10Y61.A6      net (fanout=1)        0.099   asip_syn/alu/gopf_eval/index[15]_PWR_129_o_equal_1_o<15>
    SLICE_X10Y61.A       Tilo                  0.053   asip_syn/alu/gopf_eval/index[15]_PWR_129_o_equal_1_o<15>
                                                       asip_syn/alu/gopf_eval/index[15]_PWR_129_o_equal_1_o<15>3
    SLICE_X23Y44.A2      net (fanout=3)        1.181   asip_syn/alu/gopf_eval/index[15]_PWR_129_o_equal_1_o
    SLICE_X23Y44.A       Tilo                  0.053   asip_syn/alu/gopf_eval/_n0678_inv31
                                                       asip_syn/alu/gopf_eval/_n0678_inv40
    SLICE_X24Y74.A4      net (fanout=1)        1.202   asip_syn/alu/gopf_eval/_n0678_inv40
    SLICE_X24Y74.A       Tilo                  0.053   asip_syn/alu/gopf_eval/eval_r_reg<16>
                                                       asip_syn/alu/gopf_eval/_n0678_inv78
    SLICE_X25Y74.CE      net (fanout=19)       0.393   asip_syn/alu/gopf_eval/_n0678_inv
    SLICE_X25Y74.CLK     Tceck                 0.191   asip_syn/alu/gopf_eval/eval_r_reg<50>
                                                       asip_syn/alu/gopf_eval/eval_r_reg_134
    -------------------------------------------------  ---------------------------
    Total                                      4.146ns (0.686ns logic, 3.460ns route)
                                                       (16.5% logic, 83.5% route)

--------------------------------------------------------------------------------
Slack (setup path):     -0.212ns (requirement - (data path - clock path skew + uncertainty))
  Source:               asip_syn/alu/gopf_eval/index_4 (FF)
  Destination:          asip_syn/alu/gopf_eval/eval_r_reg_134 (FF)
  Requirement:          4.000ns
  Data Path Delay:      4.096ns (Levels of Logic = 4)
  Clock Path Skew:      -0.081ns (0.818 - 0.899)
  Source Clock:         clk_BUFGP rising at 0.000ns
  Destination Clock:    clk_BUFGP rising at 4.000ns
  Clock Uncertainty:    0.035ns

  Clock Uncertainty:          0.035ns  ((TSJ^2 + TIJ^2)^1/2 + DJ) / 2 + PE
    Total System Jitter (TSJ):  0.070ns
    Total Input Jitter (TIJ):   0.000ns
    Discrete Jitter (DJ):       0.000ns
    Phase Error (PE):           0.000ns

  Maximum Data Path at Slow Process Corner: asip_syn/alu/gopf_eval/index_4 to asip_syn/alu/gopf_eval/eval_r_reg_134
    Location             Delay type         Delay(ns)  Physical Resource
                                                       Logical Resource(s)
    -------------------------------------------------  -------------------
    SLICE_X10Y63.AQ      Tcko                  0.283   asip_syn/alu/gopf_eval/index<7>
                                                       asip_syn/alu/gopf_eval/index_4
    SLICE_X11Y61.A2      net (fanout=4)        0.479   asip_syn/alu/gopf_eval/index<4>
    SLICE_X11Y61.A       Tilo                  0.053   asip_syn/alu/gopf_eval/index[15]_PWR_129_o_equal_1_o<15>1
                                                       asip_syn/alu/gopf_eval/index[15]_PWR_129_o_equal_1_o<15>2
    SLICE_X10Y61.A5      net (fanout=1)        0.155   asip_syn/alu/gopf_eval/index[15]_PWR_129_o_equal_1_o<15>1
    SLICE_X10Y61.A       Tilo                  0.053   asip_syn/alu/gopf_eval/index[15]_PWR_129_o_equal_1_o<15>
                                                       asip_syn/alu/gopf_eval/index[15]_PWR_129_o_equal_1_o<15>3
    SLICE_X23Y44.A2      net (fanout=3)        1.181   asip_syn/alu/gopf_eval/index[15]_PWR_129_o_equal_1_o
    SLICE_X23Y44.A       Tilo                  0.053   asip_syn/alu/gopf_eval/_n0678_inv31
                                                       asip_syn/alu/gopf_eval/_n0678_inv40
    SLICE_X24Y74.A4      net (fanout=1)        1.202   asip_syn/alu/gopf_eval/_n0678_inv40
    SLICE_X24Y74.A       Tilo                  0.053   asip_syn/alu/gopf_eval/eval_r_reg<16>
                                                       asip_syn/alu/gopf_eval/_n0678_inv78
    SLICE_X25Y74.CE      net (fanout=19)       0.393   asip_syn/alu/gopf_eval/_n0678_inv
    SLICE_X25Y74.CLK     Tceck                 0.191   asip_syn/alu/gopf_eval/eval_r_reg<50>
                                                       asip_syn/alu/gopf_eval/eval_r_reg_134
    -------------------------------------------------  ---------------------------
    Total                                      4.096ns (0.686ns logic, 3.410ns route)
                                                       (16.7% logic, 83.3% route)

--------------------------------------------------------------------------------

Paths for end point asip_syn/alu/gopf_eval/eval_r_reg_111 (SLICE_X25Y74.CE), 387 paths
--------------------------------------------------------------------------------
Slack (setup path):     -0.339ns (requirement - (data path - clock path skew + uncertainty))
  Source:               asip_syn/alu/gopf_eval/index_12 (FF)
  Destination:          asip_syn/alu/gopf_eval/eval_r_reg_111 (FF)
  Requirement:          4.000ns
  Data Path Delay:      4.219ns (Levels of Logic = 4)
  Clock Path Skew:      -0.085ns (0.818 - 0.903)
  Source Clock:         clk_BUFGP rising at 0.000ns
  Destination Clock:    clk_BUFGP rising at 4.000ns
  Clock Uncertainty:    0.035ns

  Clock Uncertainty:          0.035ns  ((TSJ^2 + TIJ^2)^1/2 + DJ) / 2 + PE
    Total System Jitter (TSJ):  0.070ns
    Total Input Jitter (TIJ):   0.000ns
    Discrete Jitter (DJ):       0.000ns
    Phase Error (PE):           0.000ns

  Maximum Data Path at Slow Process Corner: asip_syn/alu/gopf_eval/index_12 to asip_syn/alu/gopf_eval/eval_r_reg_111
    Location             Delay type         Delay(ns)  Physical Resource
                                                       Logical Resource(s)
    -------------------------------------------------  -------------------
    SLICE_X10Y65.AQ      Tcko                  0.283   asip_syn/alu/gopf_eval/index<15>
                                                       asip_syn/alu/gopf_eval/index_12
    SLICE_X10Y61.B1      net (fanout=4)        0.658   asip_syn/alu/gopf_eval/index<12>
    SLICE_X10Y61.B       Tilo                  0.053   asip_syn/alu/gopf_eval/index[15]_PWR_129_o_equal_1_o<15>
                                                       asip_syn/alu/gopf_eval/index[15]_PWR_129_o_equal_1_o<15>1
    SLICE_X10Y61.A6      net (fanout=1)        0.099   asip_syn/alu/gopf_eval/index[15]_PWR_129_o_equal_1_o<15>
    SLICE_X10Y61.A       Tilo                  0.053   asip_syn/alu/gopf_eval/index[15]_PWR_129_o_equal_1_o<15>
                                                       asip_syn/alu/gopf_eval/index[15]_PWR_129_o_equal_1_o<15>3
    SLICE_X23Y44.A2      net (fanout=3)        1.181   asip_syn/alu/gopf_eval/index[15]_PWR_129_o_equal_1_o
    SLICE_X23Y44.A       Tilo                  0.053   asip_syn/alu/gopf_eval/_n0678_inv31
                                                       asip_syn/alu/gopf_eval/_n0678_inv40
    SLICE_X24Y74.A4      net (fanout=1)        1.202   asip_syn/alu/gopf_eval/_n0678_inv40
    SLICE_X24Y74.A       Tilo                  0.053   asip_syn/alu/gopf_eval/eval_r_reg<16>
                                                       asip_syn/alu/gopf_eval/_n0678_inv78
    SLICE_X25Y74.CE      net (fanout=19)       0.393   asip_syn/alu/gopf_eval/_n0678_inv
    SLICE_X25Y74.CLK     Tceck                 0.191   asip_syn/alu/gopf_eval/eval_r_reg<50>
                                                       asip_syn/alu/gopf_eval/eval_r_reg_111
    -------------------------------------------------  ---------------------------
    Total                                      4.219ns (0.686ns logic, 3.533ns route)
                                                       (16.3% logic, 83.7% route)

--------------------------------------------------------------------------------
Slack (setup path):     -0.266ns (requirement - (data path - clock path skew + uncertainty))
  Source:               asip_syn/alu/gopf_eval/index_15 (FF)
  Destination:          asip_syn/alu/gopf_eval/eval_r_reg_111 (FF)
  Requirement:          4.000ns
  Data Path Delay:      4.146ns (Levels of Logic = 4)
  Clock Path Skew:      -0.085ns (0.818 - 0.903)
  Source Clock:         clk_BUFGP rising at 0.000ns
  Destination Clock:    clk_BUFGP rising at 4.000ns
  Clock Uncertainty:    0.035ns

  Clock Uncertainty:          0.035ns  ((TSJ^2 + TIJ^2)^1/2 + DJ) / 2 + PE
    Total System Jitter (TSJ):  0.070ns
    Total Input Jitter (TIJ):   0.000ns
    Discrete Jitter (DJ):       0.000ns
    Phase Error (PE):           0.000ns

  Maximum Data Path at Slow Process Corner: asip_syn/alu/gopf_eval/index_15 to asip_syn/alu/gopf_eval/eval_r_reg_111
    Location             Delay type         Delay(ns)  Physical Resource
                                                       Logical Resource(s)
    -------------------------------------------------  -------------------
    SLICE_X10Y65.DQ      Tcko                  0.283   asip_syn/alu/gopf_eval/index<15>
                                                       asip_syn/alu/gopf_eval/index_15
    SLICE_X10Y61.B2      net (fanout=4)        0.585   asip_syn/alu/gopf_eval/index<15>
    SLICE_X10Y61.B       Tilo                  0.053   asip_syn/alu/gopf_eval/index[15]_PWR_129_o_equal_1_o<15>
                                                       asip_syn/alu/gopf_eval/index[15]_PWR_129_o_equal_1_o<15>1
    SLICE_X10Y61.A6      net (fanout=1)        0.099   asip_syn/alu/gopf_eval/index[15]_PWR_129_o_equal_1_o<15>
    SLICE_X10Y61.A       Tilo                  0.053   asip_syn/alu/gopf_eval/index[15]_PWR_129_o_equal_1_o<15>
                                                       asip_syn/alu/gopf_eval/index[15]_PWR_129_o_equal_1_o<15>3
    SLICE_X23Y44.A2      net (fanout=3)        1.181   asip_syn/alu/gopf_eval/index[15]_PWR_129_o_equal_1_o
    SLICE_X23Y44.A       Tilo                  0.053   asip_syn/alu/gopf_eval/_n0678_inv31
                                                       asip_syn/alu/gopf_eval/_n0678_inv40
    SLICE_X24Y74.A4      net (fanout=1)        1.202   asip_syn/alu/gopf_eval/_n0678_inv40
    SLICE_X24Y74.A       Tilo                  0.053   asip_syn/alu/gopf_eval/eval_r_reg<16>
                                                       asip_syn/alu/gopf_eval/_n0678_inv78
    SLICE_X25Y74.CE      net (fanout=19)       0.393   asip_syn/alu/gopf_eval/_n0678_inv
    SLICE_X25Y74.CLK     Tceck                 0.191   asip_syn/alu/gopf_eval/eval_r_reg<50>
                                                       asip_syn/alu/gopf_eval/eval_r_reg_111
    -------------------------------------------------  ---------------------------
    Total                                      4.146ns (0.686ns logic, 3.460ns route)
                                                       (16.5% logic, 83.5% route)

--------------------------------------------------------------------------------
Slack (setup path):     -0.212ns (requirement - (data path - clock path skew + uncertainty))
  Source:               asip_syn/alu/gopf_eval/index_4 (FF)
  Destination:          asip_syn/alu/gopf_eval/eval_r_reg_111 (FF)
  Requirement:          4.000ns
  Data Path Delay:      4.096ns (Levels of Logic = 4)
  Clock Path Skew:      -0.081ns (0.818 - 0.899)
  Source Clock:         clk_BUFGP rising at 0.000ns
  Destination Clock:    clk_BUFGP rising at 4.000ns
  Clock Uncertainty:    0.035ns

  Clock Uncertainty:          0.035ns  ((TSJ^2 + TIJ^2)^1/2 + DJ) / 2 + PE
    Total System Jitter (TSJ):  0.070ns
    Total Input Jitter (TIJ):   0.000ns
    Discrete Jitter (DJ):       0.000ns
    Phase Error (PE):           0.000ns

  Maximum Data Path at Slow Process Corner: asip_syn/alu/gopf_eval/index_4 to asip_syn/alu/gopf_eval/eval_r_reg_111
    Location             Delay type         Delay(ns)  Physical Resource
                                                       Logical Resource(s)
    -------------------------------------------------  -------------------
    SLICE_X10Y63.AQ      Tcko                  0.283   asip_syn/alu/gopf_eval/index<7>
                                                       asip_syn/alu/gopf_eval/index_4
    SLICE_X11Y61.A2      net (fanout=4)        0.479   asip_syn/alu/gopf_eval/index<4>
    SLICE_X11Y61.A       Tilo                  0.053   asip_syn/alu/gopf_eval/index[15]_PWR_129_o_equal_1_o<15>1
                                                       asip_syn/alu/gopf_eval/index[15]_PWR_129_o_equal_1_o<15>2
    SLICE_X10Y61.A5      net (fanout=1)        0.155   asip_syn/alu/gopf_eval/index[15]_PWR_129_o_equal_1_o<15>1
    SLICE_X10Y61.A       Tilo                  0.053   asip_syn/alu/gopf_eval/index[15]_PWR_129_o_equal_1_o<15>
                                                       asip_syn/alu/gopf_eval/index[15]_PWR_129_o_equal_1_o<15>3
    SLICE_X23Y44.A2      net (fanout=3)        1.181   asip_syn/alu/gopf_eval/index[15]_PWR_129_o_equal_1_o
    SLICE_X23Y44.A       Tilo                  0.053   asip_syn/alu/gopf_eval/_n0678_inv31
                                                       asip_syn/alu/gopf_eval/_n0678_inv40
    SLICE_X24Y74.A4      net (fanout=1)        1.202   asip_syn/alu/gopf_eval/_n0678_inv40
    SLICE_X24Y74.A       Tilo                  0.053   asip_syn/alu/gopf_eval/eval_r_reg<16>
                                                       asip_syn/alu/gopf_eval/_n0678_inv78
    SLICE_X25Y74.CE      net (fanout=19)       0.393   asip_syn/alu/gopf_eval/_n0678_inv
    SLICE_X25Y74.CLK     Tceck                 0.191   asip_syn/alu/gopf_eval/eval_r_reg<50>
                                                       asip_syn/alu/gopf_eval/eval_r_reg_111
    -------------------------------------------------  ---------------------------
    Total                                      4.096ns (0.686ns logic, 3.410ns route)
                                                       (16.7% logic, 83.3% route)

--------------------------------------------------------------------------------

Paths for end point asip_syn/alu/gopf_eval/eval_r_reg_99 (SLICE_X25Y74.CE), 387 paths
--------------------------------------------------------------------------------
Slack (setup path):     -0.339ns (requirement - (data path - clock path skew + uncertainty))
  Source:               asip_syn/alu/gopf_eval/index_12 (FF)
  Destination:          asip_syn/alu/gopf_eval/eval_r_reg_99 (FF)
  Requirement:          4.000ns
  Data Path Delay:      4.219ns (Levels of Logic = 4)
  Clock Path Skew:      -0.085ns (0.818 - 0.903)
  Source Clock:         clk_BUFGP rising at 0.000ns
  Destination Clock:    clk_BUFGP rising at 4.000ns
  Clock Uncertainty:    0.035ns

  Clock Uncertainty:          0.035ns  ((TSJ^2 + TIJ^2)^1/2 + DJ) / 2 + PE
    Total System Jitter (TSJ):  0.070ns
    Total Input Jitter (TIJ):   0.000ns
    Discrete Jitter (DJ):       0.000ns
    Phase Error (PE):           0.000ns

  Maximum Data Path at Slow Process Corner: asip_syn/alu/gopf_eval/index_12 to asip_syn/alu/gopf_eval/eval_r_reg_99
    Location             Delay type         Delay(ns)  Physical Resource
                                                       Logical Resource(s)
    -------------------------------------------------  -------------------
    SLICE_X10Y65.AQ      Tcko                  0.283   asip_syn/alu/gopf_eval/index<15>
                                                       asip_syn/alu/gopf_eval/index_12
    SLICE_X10Y61.B1      net (fanout=4)        0.658   asip_syn/alu/gopf_eval/index<12>
    SLICE_X10Y61.B       Tilo                  0.053   asip_syn/alu/gopf_eval/index[15]_PWR_129_o_equal_1_o<15>
                                                       asip_syn/alu/gopf_eval/index[15]_PWR_129_o_equal_1_o<15>1
    SLICE_X10Y61.A6      net (fanout=1)        0.099   asip_syn/alu/gopf_eval/index[15]_PWR_129_o_equal_1_o<15>
    SLICE_X10Y61.A       Tilo                  0.053   asip_syn/alu/gopf_eval/index[15]_PWR_129_o_equal_1_o<15>
                                                       asip_syn/alu/gopf_eval/index[15]_PWR_129_o_equal_1_o<15>3
    SLICE_X23Y44.A2      net (fanout=3)        1.181   asip_syn/alu/gopf_eval/index[15]_PWR_129_o_equal_1_o
    SLICE_X23Y44.A       Tilo                  0.053   asip_syn/alu/gopf_eval/_n0678_inv31
                                                       asip_syn/alu/gopf_eval/_n0678_inv40
    SLICE_X24Y74.A4      net (fanout=1)        1.202   asip_syn/alu/gopf_eval/_n0678_inv40
    SLICE_X24Y74.A       Tilo                  0.053   asip_syn/alu/gopf_eval/eval_r_reg<16>
                                                       asip_syn/alu/gopf_eval/_n0678_inv78
    SLICE_X25Y74.CE      net (fanout=19)       0.393   asip_syn/alu/gopf_eval/_n0678_inv
    SLICE_X25Y74.CLK     Tceck                 0.191   asip_syn/alu/gopf_eval/eval_r_reg<50>
                                                       asip_syn/alu/gopf_eval/eval_r_reg_99
    -------------------------------------------------  ---------------------------
    Total                                      4.219ns (0.686ns logic, 3.533ns route)
                                                       (16.3% logic, 83.7% route)

--------------------------------------------------------------------------------
Slack (setup path):     -0.266ns (requirement - (data path - clock path skew + uncertainty))
  Source:               asip_syn/alu/gopf_eval/index_15 (FF)
  Destination:          asip_syn/alu/gopf_eval/eval_r_reg_99 (FF)
  Requirement:          4.000ns
  Data Path Delay:      4.146ns (Levels of Logic = 4)
  Clock Path Skew:      -0.085ns (0.818 - 0.903)
  Source Clock:         clk_BUFGP rising at 0.000ns
  Destination Clock:    clk_BUFGP rising at 4.000ns
  Clock Uncertainty:    0.035ns

  Clock Uncertainty:          0.035ns  ((TSJ^2 + TIJ^2)^1/2 + DJ) / 2 + PE
    Total System Jitter (TSJ):  0.070ns
    Total Input Jitter (TIJ):   0.000ns
    Discrete Jitter (DJ):       0.000ns
    Phase Error (PE):           0.000ns

  Maximum Data Path at Slow Process Corner: asip_syn/alu/gopf_eval/index_15 to asip_syn/alu/gopf_eval/eval_r_reg_99
    Location             Delay type         Delay(ns)  Physical Resource
                                                       Logical Resource(s)
    -------------------------------------------------  -------------------
    SLICE_X10Y65.DQ      Tcko                  0.283   asip_syn/alu/gopf_eval/index<15>
                                                       asip_syn/alu/gopf_eval/index_15
    SLICE_X10Y61.B2      net (fanout=4)        0.585   asip_syn/alu/gopf_eval/index<15>
    SLICE_X10Y61.B       Tilo                  0.053   asip_syn/alu/gopf_eval/index[15]_PWR_129_o_equal_1_o<15>
                                                       asip_syn/alu/gopf_eval/index[15]_PWR_129_o_equal_1_o<15>1
    SLICE_X10Y61.A6      net (fanout=1)        0.099   asip_syn/alu/gopf_eval/index[15]_PWR_129_o_equal_1_o<15>
    SLICE_X10Y61.A       Tilo                  0.053   asip_syn/alu/gopf_eval/index[15]_PWR_129_o_equal_1_o<15>
                                                       asip_syn/alu/gopf_eval/index[15]_PWR_129_o_equal_1_o<15>3
    SLICE_X23Y44.A2      net (fanout=3)        1.181   asip_syn/alu/gopf_eval/index[15]_PWR_129_o_equal_1_o
    SLICE_X23Y44.A       Tilo                  0.053   asip_syn/alu/gopf_eval/_n0678_inv31
                                                       asip_syn/alu/gopf_eval/_n0678_inv40
    SLICE_X24Y74.A4      net (fanout=1)        1.202   asip_syn/alu/gopf_eval/_n0678_inv40
    SLICE_X24Y74.A       Tilo                  0.053   asip_syn/alu/gopf_eval/eval_r_reg<16>
                                                       asip_syn/alu/gopf_eval/_n0678_inv78
    SLICE_X25Y74.CE      net (fanout=19)       0.393   asip_syn/alu/gopf_eval/_n0678_inv
    SLICE_X25Y74.CLK     Tceck                 0.191   asip_syn/alu/gopf_eval/eval_r_reg<50>
                                                       asip_syn/alu/gopf_eval/eval_r_reg_99
    -------------------------------------------------  ---------------------------
    Total                                      4.146ns (0.686ns logic, 3.460ns route)
                                                       (16.5% logic, 83.5% route)

--------------------------------------------------------------------------------
Slack (setup path):     -0.212ns (requirement - (data path - clock path skew + uncertainty))
  Source:               asip_syn/alu/gopf_eval/index_4 (FF)
  Destination:          asip_syn/alu/gopf_eval/eval_r_reg_99 (FF)
  Requirement:          4.000ns
  Data Path Delay:      4.096ns (Levels of Logic = 4)
  Clock Path Skew:      -0.081ns (0.818 - 0.899)
  Source Clock:         clk_BUFGP rising at 0.000ns
  Destination Clock:    clk_BUFGP rising at 4.000ns
  Clock Uncertainty:    0.035ns

  Clock Uncertainty:          0.035ns  ((TSJ^2 + TIJ^2)^1/2 + DJ) / 2 + PE
    Total System Jitter (TSJ):  0.070ns
    Total Input Jitter (TIJ):   0.000ns
    Discrete Jitter (DJ):       0.000ns
    Phase Error (PE):           0.000ns

  Maximum Data Path at Slow Process Corner: asip_syn/alu/gopf_eval/index_4 to asip_syn/alu/gopf_eval/eval_r_reg_99
    Location             Delay type         Delay(ns)  Physical Resource
                                                       Logical Resource(s)
    -------------------------------------------------  -------------------
    SLICE_X10Y63.AQ      Tcko                  0.283   asip_syn/alu/gopf_eval/index<7>
                                                       asip_syn/alu/gopf_eval/index_4
    SLICE_X11Y61.A2      net (fanout=4)        0.479   asip_syn/alu/gopf_eval/index<4>
    SLICE_X11Y61.A       Tilo                  0.053   asip_syn/alu/gopf_eval/index[15]_PWR_129_o_equal_1_o<15>1
                                                       asip_syn/alu/gopf_eval/index[15]_PWR_129_o_equal_1_o<15>2
    SLICE_X10Y61.A5      net (fanout=1)        0.155   asip_syn/alu/gopf_eval/index[15]_PWR_129_o_equal_1_o<15>1
    SLICE_X10Y61.A       Tilo                  0.053   asip_syn/alu/gopf_eval/index[15]_PWR_129_o_equal_1_o<15>
                                                       asip_syn/alu/gopf_eval/index[15]_PWR_129_o_equal_1_o<15>3
    SLICE_X23Y44.A2      net (fanout=3)        1.181   asip_syn/alu/gopf_eval/index[15]_PWR_129_o_equal_1_o
    SLICE_X23Y44.A       Tilo                  0.053   asip_syn/alu/gopf_eval/_n0678_inv31
                                                       asip_syn/alu/gopf_eval/_n0678_inv40
    SLICE_X24Y74.A4      net (fanout=1)        1.202   asip_syn/alu/gopf_eval/_n0678_inv40
    SLICE_X24Y74.A       Tilo                  0.053   asip_syn/alu/gopf_eval/eval_r_reg<16>
                                                       asip_syn/alu/gopf_eval/_n0678_inv78
    SLICE_X25Y74.CE      net (fanout=19)       0.393   asip_syn/alu/gopf_eval/_n0678_inv
    SLICE_X25Y74.CLK     Tceck                 0.191   asip_syn/alu/gopf_eval/eval_r_reg<50>
                                                       asip_syn/alu/gopf_eval/eval_r_reg_99
    -------------------------------------------------  ---------------------------
    Total                                      4.096ns (0.686ns logic, 3.410ns route)
                                                       (16.7% logic, 83.3% route)

--------------------------------------------------------------------------------

Hold Paths: TS_clk = PERIOD TIMEGRP "clk" 4 ns HIGH 50%;
--------------------------------------------------------------------------------

Paths for end point dat_sram/dat_sram29/U0/xst_blk_mem_generator/gnativebmg.native_blk_mem_gen/valid.cstr/ramloop[1].ram.r/v6_noinit.ram/SP.SIMPLE_PRIM36.ram (RAMB36_X3Y18.DIADI1), 1 path
--------------------------------------------------------------------------------
Slack (hold path):      0.017ns (requirement - (clock path skew + uncertainty - data path))
  Source:               dat_sram/data_in_tmp1_19_1 (FF)
  Destination:          dat_sram/dat_sram29/U0/xst_blk_mem_generator/gnativebmg.native_blk_mem_gen/valid.cstr/ramloop[1].ram.r/v6_noinit.ram/SP.SIMPLE_PRIM36.ram (RAM)
  Requirement:          0.000ns
  Data Path Delay:      0.146ns (Levels of Logic = 0)
  Clock Path Skew:      0.129ns (0.582 - 0.453)
  Source Clock:         clk_BUFGP rising at 4.000ns
  Destination Clock:    clk_BUFGP rising at 4.000ns
  Clock Uncertainty:    0.000ns

  Minimum Data Path at Fast Process Corner: dat_sram/data_in_tmp1_19_1 to dat_sram/dat_sram29/U0/xst_blk_mem_generator/gnativebmg.native_blk_mem_gen/valid.cstr/ramloop[1].ram.r/v6_noinit.ram/SP.SIMPLE_PRIM36.ram
    Location                Delay type         Delay(ns)  Physical Resource
                                                          Logical Resource(s)
    ----------------------------------------------------  -------------------
    SLICE_X49Y90.AQ         Tcko                  0.098   dat_sram/data_in_tmp1<19>_1
                                                          dat_sram/data_in_tmp1_19_1
    RAMB36_X3Y18.DIADI1     net (fanout=16)       0.246   dat_sram/data_in_tmp1<19>_1
    RAMB36_X3Y18.CLKARDCLKL Trckd_DIA   (-Th)     0.198   dat_sram/dat_sram29/U0/xst_blk_mem_generator/gnativebmg.native_blk_mem_gen/valid.cstr/ramloop[1].ram.r/v6_noinit.ram/SP.SIMPLE_PRIM36.ram
                                                          dat_sram/dat_sram29/U0/xst_blk_mem_generator/gnativebmg.native_blk_mem_gen/valid.cstr/ramloop[1].ram.r/v6_noinit.ram/SP.SIMPLE_PRIM36.ram
    ----------------------------------------------------  ---------------------------
    Total                                         0.146ns (-0.100ns logic, 0.246ns route)
                                                          (-68.5% logic, 168.5% route)

--------------------------------------------------------------------------------

Paths for end point dat_sram/dat_sram10/U0/xst_blk_mem_generator/gnativebmg.native_blk_mem_gen/valid.cstr/ramloop[2].ram.r/v6_noinit.ram/SP.SIMPLE_PRIM36.ram (RAMB36_X3Y28.DIPADIP1), 1 path
--------------------------------------------------------------------------------
Slack (hold path):      0.019ns (requirement - (clock path skew + uncertainty - data path))
  Source:               dat_sram/data_in_tmp1_53 (FF)
  Destination:          dat_sram/dat_sram10/U0/xst_blk_mem_generator/gnativebmg.native_blk_mem_gen/valid.cstr/ramloop[2].ram.r/v6_noinit.ram/SP.SIMPLE_PRIM36.ram (RAM)
  Requirement:          0.000ns
  Data Path Delay:      0.132ns (Levels of Logic = 0)
  Clock Path Skew:      0.113ns (0.579 - 0.466)
  Source Clock:         clk_BUFGP rising at 4.000ns
  Destination Clock:    clk_BUFGP rising at 4.000ns
  Clock Uncertainty:    0.000ns

  Minimum Data Path at Fast Process Corner: dat_sram/data_in_tmp1_53 to dat_sram/dat_sram10/U0/xst_blk_mem_generator/gnativebmg.native_blk_mem_gen/valid.cstr/ramloop[2].ram.r/v6_noinit.ram/SP.SIMPLE_PRIM36.ram
    Location                Delay type         Delay(ns)  Physical Resource
                                                          Logical Resource(s)
    ----------------------------------------------------  -------------------
    SLICE_X61Y142.BQ        Tcko                  0.098   dat_sram/data_in_tmp1<53>
                                                          dat_sram/data_in_tmp1_53
    RAMB36_X3Y28.DIPADIP1   net (fanout=17)       0.232   dat_sram/data_in_tmp1<53>
    RAMB36_X3Y28.CLKARDCLKL Trckd_DIPA  (-Th)     0.198   dat_sram/dat_sram10/U0/xst_blk_mem_generator/gnativebmg.native_blk_mem_gen/valid.cstr/ramloop[2].ram.r/v6_noinit.ram/SP.SIMPLE_PRIM36.ram
                                                          dat_sram/dat_sram10/U0/xst_blk_mem_generator/gnativebmg.native_blk_mem_gen/valid.cstr/ramloop[2].ram.r/v6_noinit.ram/SP.SIMPLE_PRIM36.ram
    ----------------------------------------------------  ---------------------------
    Total                                         0.132ns (-0.100ns logic, 0.232ns route)
                                                          (-75.8% logic, 175.8% route)

--------------------------------------------------------------------------------

Paths for end point dat_sram/dat_sram29/U0/xst_blk_mem_generator/gnativebmg.native_blk_mem_gen/valid.cstr/ramloop[1].ram.r/v6_noinit.ram/SP.SIMPLE_PRIM36.ram (RAMB36_X3Y18.DIADI0), 1 path
--------------------------------------------------------------------------------
Slack (hold path):      0.021ns (requirement - (clock path skew + uncertainty - data path))
  Source:               dat_sram/data_in_tmp1_18_1 (FF)
  Destination:          dat_sram/dat_sram29/U0/xst_blk_mem_generator/gnativebmg.native_blk_mem_gen/valid.cstr/ramloop[1].ram.r/v6_noinit.ram/SP.SIMPLE_PRIM36.ram (RAM)
  Requirement:          0.000ns
  Data Path Delay:      0.147ns (Levels of Logic = 0)
  Clock Path Skew:      0.126ns (0.582 - 0.456)
  Source Clock:         clk_BUFGP rising at 4.000ns
  Destination Clock:    clk_BUFGP rising at 4.000ns
  Clock Uncertainty:    0.000ns

  Minimum Data Path at Fast Process Corner: dat_sram/data_in_tmp1_18_1 to dat_sram/dat_sram29/U0/xst_blk_mem_generator/gnativebmg.native_blk_mem_gen/valid.cstr/ramloop[1].ram.r/v6_noinit.ram/SP.SIMPLE_PRIM36.ram
    Location                Delay type         Delay(ns)  Physical Resource
                                                          Logical Resource(s)
    ----------------------------------------------------  -------------------
    SLICE_X50Y90.AQ         Tcko                  0.115   dat_sram/data_in_tmp1<18>_1
                                                          dat_sram/data_in_tmp1_18_1
    RAMB36_X3Y18.DIADI0     net (fanout=16)       0.230   dat_sram/data_in_tmp1<18>_1
    RAMB36_X3Y18.CLKARDCLKL Trckd_DIA   (-Th)     0.198   dat_sram/dat_sram29/U0/xst_blk_mem_generator/gnativebmg.native_blk_mem_gen/valid.cstr/ramloop[1].ram.r/v6_noinit.ram/SP.SIMPLE_PRIM36.ram
                                                          dat_sram/dat_sram29/U0/xst_blk_mem_generator/gnativebmg.native_blk_mem_gen/valid.cstr/ramloop[1].ram.r/v6_noinit.ram/SP.SIMPLE_PRIM36.ram
    ----------------------------------------------------  ---------------------------
    Total                                         0.147ns (-0.083ns logic, 0.230ns route)
                                                          (-56.5% logic, 156.5% route)

--------------------------------------------------------------------------------

Component Switching Limit Checks: TS_clk = PERIOD TIMEGRP "clk" 4 ns HIGH 50%;
--------------------------------------------------------------------------------
Slack: 2.333ns (period - min period limit)
  Period: 4.000ns
  Min period limit: 1.667ns (599.880MHz) (Trper_CLKA)
  Physical resource: dat_sram/dat_sram9/U0/xst_blk_mem_generator/gnativebmg.native_blk_mem_gen/valid.cstr/ramloop[7].ram.r/v6_noinit.ram/SP.SIMPLE_PRIM36.ram/CLKARDCLKL
  Logical resource: dat_sram/dat_sram9/U0/xst_blk_mem_generator/gnativebmg.native_blk_mem_gen/valid.cstr/ramloop[7].ram.r/v6_noinit.ram/SP.SIMPLE_PRIM36.ram/CLKARDCLKL
  Location pin: RAMB36_X8Y20.CLKARDCLKL
  Clock network: clk_BUFGP
--------------------------------------------------------------------------------
Slack: 2.333ns (period - min period limit)
  Period: 4.000ns
  Min period limit: 1.667ns (599.880MHz) (Trper_CLKB)
  Physical resource: dat_sram/dat_sram9/U0/xst_blk_mem_generator/gnativebmg.native_blk_mem_gen/valid.cstr/ramloop[7].ram.r/v6_noinit.ram/SP.SIMPLE_PRIM36.ram/CLKBWRCLKL
  Logical resource: dat_sram/dat_sram9/U0/xst_blk_mem_generator/gnativebmg.native_blk_mem_gen/valid.cstr/ramloop[7].ram.r/v6_noinit.ram/SP.SIMPLE_PRIM36.ram/CLKBWRCLKL
  Location pin: RAMB36_X8Y20.CLKBWRCLKL
  Clock network: clk_BUFGP
--------------------------------------------------------------------------------
Slack: 2.333ns (period - min period limit)
  Period: 4.000ns
  Min period limit: 1.667ns (599.880MHz) (Trper_CLKA)
  Physical resource: dat_sram/dat_sram9/U0/xst_blk_mem_generator/gnativebmg.native_blk_mem_gen/valid.cstr/ramloop[6].ram.r/v6_noinit.ram/SP.SIMPLE_PRIM36.ram/CLKARDCLKL
  Logical resource: dat_sram/dat_sram9/U0/xst_blk_mem_generator/gnativebmg.native_blk_mem_gen/valid.cstr/ramloop[6].ram.r/v6_noinit.ram/SP.SIMPLE_PRIM36.ram/CLKARDCLKL
  Location pin: RAMB36_X7Y16.CLKARDCLKL
  Clock network: clk_BUFGP
--------------------------------------------------------------------------------


1 constraint not met.


Data Sheet report:
-----------------
All values displayed in nanoseconds (ns)

Clock to Setup on destination clock clk
---------------+---------+---------+---------+---------+
               | Src:Rise| Src:Fall| Src:Rise| Src:Fall|
Source Clock   |Dest:Rise|Dest:Rise|Dest:Fall|Dest:Fall|
---------------+---------+---------+---------+---------+
clk            |    4.339|         |         |         |
---------------+---------+---------+---------+---------+


Timing summary:
---------------

Timing errors: 162  Score: 36578  (Setup/Max: 36578, Hold: 0)

Constraints cover 349954 paths, 0 nets, and 70915 connections

Design statistics:
   Minimum period:   4.339ns{1}   (Maximum frequency: 230.468MHz)


------------------------------------Footnotes-----------------------------------
1)  The minimum period statistic assumes all single cycle delays.

Analysis completed Thu Oct 15 13:25:24 2015 
--------------------------------------------------------------------------------

Trace Settings:
-------------------------
Trace Settings 

Peak Memory Usage: 615 MB



