Release 13.2 Map O.61xd (lin)
Xilinx Mapping Report File for Design 'asip_syn'

Design Information
------------------
Command Line   : map -intstyle ise -p xc6vlx240t-ff784-3 -w -logic_opt off -ol
high -t 1 -xt 0 -register_duplication off -r 4 -global_opt off -mt off -ir off
-pr off -lc off -power off -o asip_syn_map.ncd asip_syn.ngd asip_syn.pcf 
Target Device  : xc6vlx240t
Target Package : ff784
Target Speed   : -3
Mapper Version : virtex6 -- $Revision: 1.55 $
Mapped Date    : Tue Oct  6 10:12:18 2015

Design Summary
--------------
Number of errors:      0
Number of warnings:    3
Slice Logic Utilization:
  Number of Slice Registers:                 7,044 out of 301,440    2%
    Number used as Flip Flops:               7,020
    Number used as Latches:                     24
    Number used as Latch-thrus:                  0
    Number used as AND/OR logics:                0
  Number of Slice LUTs:                      8,617 out of 150,720    5%
    Number used as logic:                    8,545 out of 150,720    5%
      Number using O6 output only:           6,923
      Number using O5 output only:             317
      Number using O5 and O6:                1,305
      Number used as ROM:                        0
    Number used as Memory:                      17 out of  58,400    1%
      Number used as Dual Port RAM:              0
      Number used as Single Port RAM:            0
      Number used as Shift Register:            17
        Number using O6 output only:            17
        Number using O5 output only:             0
        Number using O5 and O6:                  0
    Number used exclusively as route-thrus:     55
      Number with same-slice register load:     52
      Number with same-slice carry load:         3
      Number with other load:                    0

Slice Logic Distribution:
  Number of occupied Slices:                 3,336 out of  37,680    8%
  Number of LUT Flip Flop pairs used:       10,553
    Number with an unused Flip Flop:         4,210 out of  10,553   39%
    Number with an unused LUT:               1,936 out of  10,553   18%
    Number of fully used LUT-FF pairs:       4,407 out of  10,553   41%
    Number of unique control sets:              60
    Number of slice register sites lost
      to control set restrictions:             123 out of 301,440    1%

  A LUT Flip Flop pair for this architecture represents one LUT paired with
  one Flip Flop within a slice.  A control set is a unique combination of
  clock, reset, set, and enable signals for a registered element.
  The Slice Logic Distribution report is not meaningful if the design is
  over-mapped for a non-slice resource or if Placement fails.
  OVERMAPPING of BRAM resources should be ignored if the design is
  over-mapped for a non-BRAM resource or if placement fails.

IO Utilization:
  Number of bonded IOBs:                       364 out of     400   91%

Specific Feature Utilization:
  Number of RAMB36E1/FIFO36E1s:                  0 out of     416    0%
  Number of RAMB18E1/FIFO18E1s:                  0 out of     832    0%
  Number of BUFG/BUFGCTRLs:                      2 out of      32    6%
    Number used as BUFGs:                        2
    Number used as BUFGCTRLs:                    0
  Number of ILOGICE1/ISERDESE1s:                 0 out of     720    0%
  Number of OLOGICE1/OSERDESE1s:                 0 out of     720    0%
  Number of BSCANs:                              0 out of       4    0%
  Number of BUFHCEs:                             0 out of     144    0%
  Number of BUFIODQSs:                           0 out of      72    0%
  Number of BUFRs:                               0 out of      36    0%
  Number of CAPTUREs:                            0 out of       1    0%
  Number of DSP48E1s:                            3 out of     768    1%
  Number of EFUSE_USRs:                          0 out of       1    0%
  Number of FRAME_ECCs:                          0 out of       1    0%
  Number of GTXE1s:                              0 out of      12    0%
  Number of IBUFDS_GTXE1s:                       0 out of      12    0%
  Number of ICAPs:                               0 out of       2    0%
  Number of IDELAYCTRLs:                         0 out of      18    0%
  Number of IODELAYE1s:                          0 out of     720    0%
  Number of MMCM_ADVs:                           0 out of      12    0%
  Number of PCIE_2_0s:                           0 out of       2    0%
  Number of STARTUPs:                            1 out of       1  100%
  Number of SYSMONs:                             0 out of       1    0%
  Number of TEMAC_SINGLEs:                       0 out of       4    0%

Average Fanout of Non-Clock Nets:                4.52

Peak Memory Usage:  575 MB
Total REAL time to MAP completion:  2 mins 27 secs 
Total CPU time to MAP completion:   2 mins 27 secs 

Table of Contents
-----------------
Section 1 - Errors
Section 2 - Warnings
Section 3 - Informational
Section 4 - Removed Logic Summary
Section 5 - Removed Logic
Section 6 - IOB Properties
Section 7 - RPMs
Section 8 - Guide Report
Section 9 - Area Group and Partition Summary
Section 10 - Timing Report
Section 11 - Configuration String Information
Section 12 - Control Set Information
Section 13 - Utilization by Hierarchy

Section 1 - Errors
------------------

Section 2 - Warnings
--------------------
WARNING:PhysDesignRules:372 - Gated clock. Clock net dec_delay_src_dst_sel is
   sourced by a combinatorial pin. This is not good design practice. Use the CE
   pin to control the loading of data into the flip-flop.
WARNING:PhysDesignRules:372 - Gated clock. Clock net
   ins_decoder/opr_decoder/src_dst_delay_sel1 is sourced by a combinatorial pin.
   This is not good design practice. Use the CE pin to control the loading of
   data into the flip-flop.
WARNING:PhysDesignRules:372 - Gated clock. Clock net
   ins_decoder/dst_decoder/opr_code[4]_opr_code[4]_AND_95_o is sourced by a
   combinatorial pin. This is not good design practice. Use the CE pin to
   control the loading of data into the flip-flop.

Section 3 - Informational
-------------------------
INFO:MapLib:562 - No environment variables are currently set.
INFO:LIT:244 - All of the single ended outputs in this design are using slew
   rate limited output drivers. The delay on speed critical single ended outputs
   can be dramatically reduced by designating them as fast outputs.
INFO:Pack:1716 - Initializing temperature to 85.000 Celsius. (default - Range:
   0.000 to 85.000 Celsius)
INFO:Pack:1720 - Initializing voltage to 0.950 Volts. (default - Range: 0.950 to
   1.050 Volts)
INFO:Map:215 - The Interim Design Summary has been generated in the MAP Report
   (.mrp).
INFO:Pack:1650 - Map created a placed design.

Section 4 - Removed Logic Summary
---------------------------------
 146 block(s) removed
   8 block(s) optimized away
 160 signal(s) removed

Section 5 - Removed Logic
-------------------------

The trimmed logic report below shows the logic removed from your design due to
sourceless or loadless signals, and VCC or ground connections.  If the removal
of a signal or symbol results in the subsequent removal of an additional signal
or symbol, the message explaining that second removal will be indented.  This
indentation will be repeated as a chain of related logic is removed.

To quickly locate the original cause for the removal of a chain of logic, look
above the place where that logic is listed in the trimming report, then locate
the lines that are least indented (begin at the leftmost edge).

Loadless block "prng/multiplier/Madd_GND_71_o_z2_reg1[31]_add_20_OUT31" (ROM)
removed.
 The signal "prng/multiplier/z1_reg1<31>" is loadless and has been removed.
  Loadless block "prng/multiplier/z1_reg1_31" (FF) removed.
   The signal "prng/multiplier/z1<31>" is loadless and has been removed.
    Loadless block "prng/multiplier/Msub_z1_xor<0>_30" (XOR) removed.
     The signal "prng/multiplier/Msub_z1_cy<0>30" is loadless and has been removed.
      Loadless block "prng/multiplier/Msub_z1_cy<0>_29" (MUX) removed.
       The signal "prng/multiplier/Msub_z1_cy<0>29" is loadless and has been removed.
        Loadless block "prng/multiplier/Msub_z1_cy<0>_28" (MUX) removed.
         The signal "prng/multiplier/Msub_z1_cy<0>28" is loadless and has been removed.
          Loadless block "prng/multiplier/Msub_z1_cy<0>_27" (MUX) removed.
           The signal "prng/multiplier/Msub_z1_cy<0>27" is loadless and has been removed.
            Loadless block "prng/multiplier/Msub_z1_cy<0>_26" (MUX) removed.
             The signal "prng/multiplier/Msub_z1_cy<0>26" is loadless and has been removed.
              Loadless block "prng/multiplier/Msub_z1_cy<0>_25" (MUX) removed.
               The signal "prng/multiplier/Msub_z1_cy<0>25" is loadless and has been removed.
                Loadless block "prng/multiplier/Msub_z1_cy<0>_24" (MUX) removed.
                 The signal "prng/multiplier/Msub_z1_cy<0>24" is loadless and has been removed.
                  Loadless block "prng/multiplier/Msub_z1_cy<0>_23" (MUX) removed.
                   The signal "prng/multiplier/Msub_z1_cy<0>23" is loadless and has been removed.
                    Loadless block "prng/multiplier/Msub_z1_cy<0>_22" (MUX) removed.
                     The signal "prng/multiplier/Msub_z1_cy<0>22" is loadless and has been removed.
                      Loadless block "prng/multiplier/Msub_z1_cy<0>_21" (MUX) removed.
                       The signal "prng/multiplier/Msub_z1_cy<0>21" is loadless and has been removed.
                        Loadless block "prng/multiplier/Msub_z1_cy<0>_20" (MUX) removed.
                         The signal "prng/multiplier/Msub_z1_cy<0>20" is loadless and has been removed.
                          Loadless block "prng/multiplier/Msub_z1_cy<0>_19" (MUX) removed.
                           The signal "prng/multiplier/Msub_z1_cy<0>19" is loadless and has been removed.
                            Loadless block "prng/multiplier/Msub_z1_cy<0>_18" (MUX) removed.
                             The signal "prng/multiplier/Msub_z1_cy<0>18" is loadless and has been removed.
                              Loadless block "prng/multiplier/Msub_z1_cy<0>_17" (MUX) removed.
                               The signal "prng/multiplier/Msub_z1_cy<0>17" is loadless and has been removed.
                                Loadless block "prng/multiplier/Msub_z1_cy<0>_16" (MUX) removed.
                                 The signal "prng/multiplier/Msub_z1_cy<0>16" is loadless and has been removed.
                                  Loadless block "prng/multiplier/Msub_z1_cy<0>_15" (MUX) removed.
                                   The signal "prng/multiplier/Msub_z1_cy<0>15" is loadless and has been removed.
                                    Loadless block "prng/multiplier/Msub_z1_cy<0>_14" (MUX) removed.
                                   The signal "prng/multiplier/Msub_z115" is loadless and has been removed.
                                    Loadless block "prng/multiplier/Msub_z115" (ROM) removed.
                                   The signal "prng/multiplier/Msub_z1_lut<0>16" is loadless and has been removed.
                                    Loadless block "prng/multiplier/Msub_z1_lut<0>16" (ROM) removed.
                                     The signal "prng/multiplier/z1_tmp<16>" is loadless and has been removed.
                                     The signal "prng/multiplier/z2_reg0<16>" is loadless and has been removed.
                                      Loadless block "prng/multiplier/z2_reg0_16" (FF) removed.
                                       The signal "prng/multiplier/z2<16>" is loadless and has been removed.
                                 The signal "prng/multiplier/Msub_z116" is loadless and has been removed.
                                  Loadless block "prng/multiplier/Msub_z116" (ROM) removed.
                                 The signal "prng/multiplier/Msub_z1_lut<0>17" is loadless and has been removed.
                                  Loadless block "prng/multiplier/Msub_z1_lut<0>17" (ROM) removed.
                                   The signal "prng/multiplier/z1_tmp<17>" is loadless and has been removed.
                                   The signal "prng/multiplier/z2_reg0<17>" is loadless and has been removed.
                                    Loadless block "prng/multiplier/z2_reg0_17" (FF) removed.
                                     The signal "prng/multiplier/z2<17>" is loadless and has been removed.
                               The signal "prng/multiplier/Msub_z117" is loadless and has been removed.
                                Loadless block "prng/multiplier/Msub_z117" (ROM) removed.
                               The signal "prng/multiplier/Msub_z1_lut<0>18" is loadless and has been removed.
                                Loadless block "prng/multiplier/Msub_z1_lut<0>18" (ROM) removed.
                                 The signal "prng/multiplier/z1_tmp<18>" is loadless and has been removed.
                                 The signal "prng/multiplier/z2_reg0<18>" is loadless and has been removed.
                                  Loadless block "prng/multiplier/z2_reg0_18" (FF) removed.
                                   The signal "prng/multiplier/z2<18>" is loadless and has been removed.
                             The signal "prng/multiplier/Msub_z118" is loadless and has been removed.
                              Loadless block "prng/multiplier/Msub_z118" (ROM) removed.
                             The signal "prng/multiplier/Msub_z1_lut<0>19" is loadless and has been removed.
                              Loadless block "prng/multiplier/Msub_z1_lut<0>19" (ROM) removed.
                               The signal "prng/multiplier/z1_tmp<19>" is loadless and has been removed.
                               The signal "prng/multiplier/z2_reg0<19>" is loadless and has been removed.
                                Loadless block "prng/multiplier/z2_reg0_19" (FF) removed.
                                 The signal "prng/multiplier/z2<19>" is loadless and has been removed.
                           The signal "prng/multiplier/Msub_z119" is loadless and has been removed.
                            Loadless block "prng/multiplier/Msub_z119" (ROM) removed.
                           The signal "prng/multiplier/Msub_z1_lut<0>20" is loadless and has been removed.
                            Loadless block "prng/multiplier/Msub_z1_lut<0>20" (ROM) removed.
                             The signal "prng/multiplier/z1_tmp<20>" is loadless and has been removed.
                             The signal "prng/multiplier/z2_reg0<20>" is loadless and has been removed.
                              Loadless block "prng/multiplier/z2_reg0_20" (FF) removed.
                               The signal "prng/multiplier/z2<20>" is loadless and has been removed.
                         The signal "prng/multiplier/Msub_z120" is loadless and has been removed.
                          Loadless block "prng/multiplier/Msub_z120" (ROM) removed.
                         The signal "prng/multiplier/Msub_z1_lut<0>21" is loadless and has been removed.
                          Loadless block "prng/multiplier/Msub_z1_lut<0>21" (ROM) removed.
                           The signal "prng/multiplier/z1_tmp<21>" is loadless and has been removed.
                           The signal "prng/multiplier/z2_reg0<21>" is loadless and has been removed.
                            Loadless block "prng/multiplier/z2_reg0_21" (FF) removed.
                             The signal "prng/multiplier/z2<21>" is loadless and has been removed.
                       The signal "prng/multiplier/Msub_z121" is loadless and has been removed.
                        Loadless block "prng/multiplier/Msub_z121" (ROM) removed.
                       The signal "prng/multiplier/Msub_z1_lut<0>22" is loadless and has been removed.
                        Loadless block "prng/multiplier/Msub_z1_lut<0>22" (ROM) removed.
                         The signal "prng/multiplier/z1_tmp<22>" is loadless and has been removed.
                         The signal "prng/multiplier/z2_reg0<22>" is loadless and has been removed.
                          Loadless block "prng/multiplier/z2_reg0_22" (FF) removed.
                           The signal "prng/multiplier/z2<22>" is loadless and has been removed.
                     The signal "prng/multiplier/Msub_z122" is loadless and has been removed.
                      Loadless block "prng/multiplier/Msub_z122" (ROM) removed.
                     The signal "prng/multiplier/Msub_z1_lut<0>23" is loadless and has been removed.
                      Loadless block "prng/multiplier/Msub_z1_lut<0>23" (ROM) removed.
                       The signal "prng/multiplier/z1_tmp<23>" is loadless and has been removed.
                       The signal "prng/multiplier/z2_reg0<23>" is loadless and has been removed.
                        Loadless block "prng/multiplier/z2_reg0_23" (FF) removed.
                         The signal "prng/multiplier/z2<23>" is loadless and has been removed.
                   The signal "prng/multiplier/Msub_z123" is loadless and has been removed.
                    Loadless block "prng/multiplier/Msub_z123" (ROM) removed.
                   The signal "prng/multiplier/Msub_z1_lut<0>24" is loadless and has been removed.
                    Loadless block "prng/multiplier/Msub_z1_lut<0>24" (ROM) removed.
                     The signal "prng/multiplier/z1_tmp<24>" is loadless and has been removed.
                     The signal "prng/multiplier/z2_reg0<24>" is loadless and has been removed.
                      Loadless block "prng/multiplier/z2_reg0_24" (FF) removed.
                       The signal "prng/multiplier/z2<24>" is loadless and has been removed.
                 The signal "prng/multiplier/Msub_z124" is loadless and has been removed.
                  Loadless block "prng/multiplier/Msub_z124" (ROM) removed.
                 The signal "prng/multiplier/Msub_z1_lut<0>25" is loadless and has been removed.
                  Loadless block "prng/multiplier/Msub_z1_lut<0>25" (ROM) removed.
                   The signal "prng/multiplier/z1_tmp<25>" is loadless and has been removed.
                   The signal "prng/multiplier/z2_reg0<25>" is loadless and has been removed.
                    Loadless block "prng/multiplier/z2_reg0_25" (FF) removed.
                     The signal "prng/multiplier/z2<25>" is loadless and has been removed.
               The signal "prng/multiplier/Msub_z125" is loadless and has been removed.
                Loadless block "prng/multiplier/Msub_z125" (ROM) removed.
               The signal "prng/multiplier/Msub_z1_lut<0>26" is loadless and has been removed.
                Loadless block "prng/multiplier/Msub_z1_lut<0>26" (ROM) removed.
                 The signal "prng/multiplier/z1_tmp<26>" is loadless and has been removed.
                 The signal "prng/multiplier/z2_reg0<26>" is loadless and has been removed.
                  Loadless block "prng/multiplier/z2_reg0_26" (FF) removed.
                   The signal "prng/multiplier/z2<26>" is loadless and has been removed.
             The signal "prng/multiplier/Msub_z126" is loadless and has been removed.
              Loadless block "prng/multiplier/Msub_z126" (ROM) removed.
             The signal "prng/multiplier/Msub_z1_lut<0>27" is loadless and has been removed.
              Loadless block "prng/multiplier/Msub_z1_lut<0>27" (ROM) removed.
               The signal "prng/multiplier/z1_tmp<27>" is loadless and has been removed.
               The signal "prng/multiplier/z2_reg0<27>" is loadless and has been removed.
                Loadless block "prng/multiplier/z2_reg0_27" (FF) removed.
                 The signal "prng/multiplier/z2<27>" is loadless and has been removed.
           The signal "prng/multiplier/Msub_z127" is loadless and has been removed.
            Loadless block "prng/multiplier/Msub_z127" (ROM) removed.
           The signal "prng/multiplier/Msub_z1_lut<0>28" is loadless and has been removed.
            Loadless block "prng/multiplier/Msub_z1_lut<0>28" (ROM) removed.
             The signal "prng/multiplier/z1_tmp<28>" is loadless and has been removed.
             The signal "prng/multiplier/z2_reg0<28>" is loadless and has been removed.
              Loadless block "prng/multiplier/z2_reg0_28" (FF) removed.
               The signal "prng/multiplier/z2<28>" is loadless and has been removed.
         The signal "prng/multiplier/Msub_z128" is loadless and has been removed.
          Loadless block "prng/multiplier/Msub_z128" (ROM) removed.
         The signal "prng/multiplier/Msub_z1_lut<0>29" is loadless and has been removed.
          Loadless block "prng/multiplier/Msub_z1_lut<0>29" (ROM) removed.
           The signal "prng/multiplier/z1_tmp<29>" is loadless and has been removed.
           The signal "prng/multiplier/z2_reg0<29>" is loadless and has been removed.
            Loadless block "prng/multiplier/z2_reg0_29" (FF) removed.
             The signal "prng/multiplier/z2<29>" is loadless and has been removed.
       The signal "prng/multiplier/Msub_z129" is loadless and has been removed.
        Loadless block "prng/multiplier/Msub_z129" (ROM) removed.
       The signal "prng/multiplier/Msub_z1_lut<0>30" is loadless and has been removed.
        Loadless block "prng/multiplier/Msub_z1_lut<0>30" (ROM) removed.
         The signal "prng/multiplier/z1_tmp<30>" is loadless and has been removed.
         The signal "prng/multiplier/z2_reg0<30>" is loadless and has been removed.
          Loadless block "prng/multiplier/z2_reg0_30" (FF) removed.
           The signal "prng/multiplier/z2<30>" is loadless and has been removed.
     The signal "prng/multiplier/Msub_z1_lut<0>31" is loadless and has been removed.
      Loadless block "prng/multiplier/Msub_z1_lut<0>31" (ROM) removed.
       The signal "prng/multiplier/z1_tmp<31>" is loadless and has been removed.
       The signal "prng/multiplier/z2_reg0<31>" is loadless and has been removed.
        Loadless block "prng/multiplier/z2_reg0_31" (FF) removed.
         The signal "prng/multiplier/z2<31>" is loadless and has been removed.
       The signal "prng/multiplier/Msub_z130" is loadless and has been removed.
        Loadless block "prng/multiplier/Msub_z130" (ROM) removed.
 The signal "prng/multiplier/z2_reg1<15>" is loadless and has been removed.
  Loadless block "prng/multiplier/z2_reg1_15" (FF) removed.
Loadless block "prng/multiplier/Madd_GND_71_o_z2_reg1[31]_add_20_OUT_lut<0>16"
(ROM) removed.
 The signal "prng/multiplier/z1_reg1<16>" is loadless and has been removed.
  Loadless block "prng/multiplier/z1_reg1_16" (FF) removed.
   The signal "prng/multiplier/z1<16>" is loadless and has been removed.
    Loadless block "prng/multiplier/Msub_z1_xor<0>_15" (XOR) removed.
 The signal "prng/multiplier/z2_reg1<0>" is loadless and has been removed.
  Loadless block "prng/multiplier/z2_reg1_0" (FF) removed.
 The signal "prng/multiplier/Madd_GND_71_o_z2_reg1[31]_add_20_OUT15" is loadless
and has been removed.
  Loadless block "prng/multiplier/Madd_GND_71_o_z2_reg1[31]_add_20_OUT15" (ROM)
removed.
Loadless block "prng/multiplier/Madd_GND_71_o_z2_reg1[31]_add_20_OUT_lut<0>17"
(ROM) removed.
 The signal "prng/multiplier/z1_reg1<17>" is loadless and has been removed.
  Loadless block "prng/multiplier/z1_reg1_17" (FF) removed.
   The signal "prng/multiplier/z1<17>" is loadless and has been removed.
    Loadless block "prng/multiplier/Msub_z1_xor<0>_16" (XOR) removed.
 The signal "prng/multiplier/z2_reg1<1>" is loadless and has been removed.
  Loadless block "prng/multiplier/z2_reg1_1" (FF) removed.
 The signal "prng/multiplier/Madd_GND_71_o_z2_reg1[31]_add_20_OUT16" is loadless
and has been removed.
  Loadless block "prng/multiplier/Madd_GND_71_o_z2_reg1[31]_add_20_OUT16" (ROM)
removed.
Loadless block "prng/multiplier/Madd_GND_71_o_z2_reg1[31]_add_20_OUT_lut<0>18"
(ROM) removed.
 The signal "prng/multiplier/z1_reg1<18>" is loadless and has been removed.
  Loadless block "prng/multiplier/z1_reg1_18" (FF) removed.
   The signal "prng/multiplier/z1<18>" is loadless and has been removed.
    Loadless block "prng/multiplier/Msub_z1_xor<0>_17" (XOR) removed.
 The signal "prng/multiplier/z2_reg1<2>" is loadless and has been removed.
  Loadless block "prng/multiplier/z2_reg1_2" (FF) removed.
 The signal "prng/multiplier/Madd_GND_71_o_z2_reg1[31]_add_20_OUT17" is loadless
and has been removed.
  Loadless block "prng/multiplier/Madd_GND_71_o_z2_reg1[31]_add_20_OUT17" (ROM)
removed.
Loadless block "prng/multiplier/Madd_GND_71_o_z2_reg1[31]_add_20_OUT_lut<0>19"
(ROM) removed.
 The signal "prng/multiplier/z1_reg1<19>" is loadless and has been removed.
  Loadless block "prng/multiplier/z1_reg1_19" (FF) removed.
   The signal "prng/multiplier/z1<19>" is loadless and has been removed.
    Loadless block "prng/multiplier/Msub_z1_xor<0>_18" (XOR) removed.
 The signal "prng/multiplier/z2_reg1<3>" is loadless and has been removed.
  Loadless block "prng/multiplier/z2_reg1_3" (FF) removed.
 The signal "prng/multiplier/Madd_GND_71_o_z2_reg1[31]_add_20_OUT18" is loadless
and has been removed.
  Loadless block "prng/multiplier/Madd_GND_71_o_z2_reg1[31]_add_20_OUT18" (ROM)
removed.
Loadless block "prng/multiplier/Madd_GND_71_o_z2_reg1[31]_add_20_OUT_lut<0>20"
(ROM) removed.
 The signal "prng/multiplier/z1_reg1<20>" is loadless and has been removed.
  Loadless block "prng/multiplier/z1_reg1_20" (FF) removed.
   The signal "prng/multiplier/z1<20>" is loadless and has been removed.
    Loadless block "prng/multiplier/Msub_z1_xor<0>_19" (XOR) removed.
 The signal "prng/multiplier/z2_reg1<4>" is loadless and has been removed.
  Loadless block "prng/multiplier/z2_reg1_4" (FF) removed.
 The signal "prng/multiplier/Madd_GND_71_o_z2_reg1[31]_add_20_OUT19" is loadless
and has been removed.
  Loadless block "prng/multiplier/Madd_GND_71_o_z2_reg1[31]_add_20_OUT19" (ROM)
removed.
Loadless block "prng/multiplier/Madd_GND_71_o_z2_reg1[31]_add_20_OUT_lut<0>21"
(ROM) removed.
 The signal "prng/multiplier/z1_reg1<21>" is loadless and has been removed.
  Loadless block "prng/multiplier/z1_reg1_21" (FF) removed.
   The signal "prng/multiplier/z1<21>" is loadless and has been removed.
    Loadless block "prng/multiplier/Msub_z1_xor<0>_20" (XOR) removed.
 The signal "prng/multiplier/z2_reg1<5>" is loadless and has been removed.
  Loadless block "prng/multiplier/z2_reg1_5" (FF) removed.
 The signal "prng/multiplier/Madd_GND_71_o_z2_reg1[31]_add_20_OUT20" is loadless
and has been removed.
  Loadless block "prng/multiplier/Madd_GND_71_o_z2_reg1[31]_add_20_OUT20" (ROM)
removed.
Loadless block "prng/multiplier/Madd_GND_71_o_z2_reg1[31]_add_20_OUT_lut<0>22"
(ROM) removed.
 The signal "prng/multiplier/z1_reg1<22>" is loadless and has been removed.
  Loadless block "prng/multiplier/z1_reg1_22" (FF) removed.
   The signal "prng/multiplier/z1<22>" is loadless and has been removed.
    Loadless block "prng/multiplier/Msub_z1_xor<0>_21" (XOR) removed.
 The signal "prng/multiplier/z2_reg1<6>" is loadless and has been removed.
  Loadless block "prng/multiplier/z2_reg1_6" (FF) removed.
 The signal "prng/multiplier/Madd_GND_71_o_z2_reg1[31]_add_20_OUT21" is loadless
and has been removed.
  Loadless block "prng/multiplier/Madd_GND_71_o_z2_reg1[31]_add_20_OUT21" (ROM)
removed.
Loadless block "prng/multiplier/Madd_GND_71_o_z2_reg1[31]_add_20_OUT_lut<0>23"
(ROM) removed.
 The signal "prng/multiplier/z1_reg1<23>" is loadless and has been removed.
  Loadless block "prng/multiplier/z1_reg1_23" (FF) removed.
   The signal "prng/multiplier/z1<23>" is loadless and has been removed.
    Loadless block "prng/multiplier/Msub_z1_xor<0>_22" (XOR) removed.
 The signal "prng/multiplier/z2_reg1<7>" is loadless and has been removed.
  Loadless block "prng/multiplier/z2_reg1_7" (FF) removed.
 The signal "prng/multiplier/Madd_GND_71_o_z2_reg1[31]_add_20_OUT22" is loadless
and has been removed.
  Loadless block "prng/multiplier/Madd_GND_71_o_z2_reg1[31]_add_20_OUT22" (ROM)
removed.
Loadless block "prng/multiplier/Madd_GND_71_o_z2_reg1[31]_add_20_OUT_lut<0>24"
(ROM) removed.
 The signal "prng/multiplier/z1_reg1<24>" is loadless and has been removed.
  Loadless block "prng/multiplier/z1_reg1_24" (FF) removed.
   The signal "prng/multiplier/z1<24>" is loadless and has been removed.
    Loadless block "prng/multiplier/Msub_z1_xor<0>_23" (XOR) removed.
 The signal "prng/multiplier/z2_reg1<8>" is loadless and has been removed.
  Loadless block "prng/multiplier/z2_reg1_8" (FF) removed.
 The signal "prng/multiplier/Madd_GND_71_o_z2_reg1[31]_add_20_OUT23" is loadless
and has been removed.
  Loadless block "prng/multiplier/Madd_GND_71_o_z2_reg1[31]_add_20_OUT23" (ROM)
removed.
Loadless block "prng/multiplier/Madd_GND_71_o_z2_reg1[31]_add_20_OUT_lut<0>25"
(ROM) removed.
 The signal "prng/multiplier/z1_reg1<25>" is loadless and has been removed.
  Loadless block "prng/multiplier/z1_reg1_25" (FF) removed.
   The signal "prng/multiplier/z1<25>" is loadless and has been removed.
    Loadless block "prng/multiplier/Msub_z1_xor<0>_24" (XOR) removed.
 The signal "prng/multiplier/z2_reg1<9>" is loadless and has been removed.
  Loadless block "prng/multiplier/z2_reg1_9" (FF) removed.
 The signal "prng/multiplier/Madd_GND_71_o_z2_reg1[31]_add_20_OUT24" is loadless
and has been removed.
  Loadless block "prng/multiplier/Madd_GND_71_o_z2_reg1[31]_add_20_OUT24" (ROM)
removed.
Loadless block "prng/multiplier/Madd_GND_71_o_z2_reg1[31]_add_20_OUT_lut<0>26"
(ROM) removed.
 The signal "prng/multiplier/z1_reg1<26>" is loadless and has been removed.
  Loadless block "prng/multiplier/z1_reg1_26" (FF) removed.
   The signal "prng/multiplier/z1<26>" is loadless and has been removed.
    Loadless block "prng/multiplier/Msub_z1_xor<0>_25" (XOR) removed.
 The signal "prng/multiplier/z2_reg1<10>" is loadless and has been removed.
  Loadless block "prng/multiplier/z2_reg1_10" (FF) removed.
 The signal "prng/multiplier/Madd_GND_71_o_z2_reg1[31]_add_20_OUT25" is loadless
and has been removed.
  Loadless block "prng/multiplier/Madd_GND_71_o_z2_reg1[31]_add_20_OUT25" (ROM)
removed.
Loadless block "prng/multiplier/Madd_GND_71_o_z2_reg1[31]_add_20_OUT_lut<0>27"
(ROM) removed.
 The signal "prng/multiplier/z1_reg1<27>" is loadless and has been removed.
  Loadless block "prng/multiplier/z1_reg1_27" (FF) removed.
   The signal "prng/multiplier/z1<27>" is loadless and has been removed.
    Loadless block "prng/multiplier/Msub_z1_xor<0>_26" (XOR) removed.
 The signal "prng/multiplier/z2_reg1<11>" is loadless and has been removed.
  Loadless block "prng/multiplier/z2_reg1_11" (FF) removed.
 The signal "prng/multiplier/Madd_GND_71_o_z2_reg1[31]_add_20_OUT26" is loadless
and has been removed.
  Loadless block "prng/multiplier/Madd_GND_71_o_z2_reg1[31]_add_20_OUT26" (ROM)
removed.
Loadless block "prng/multiplier/Madd_GND_71_o_z2_reg1[31]_add_20_OUT_lut<0>28"
(ROM) removed.
 The signal "prng/multiplier/z1_reg1<28>" is loadless and has been removed.
  Loadless block "prng/multiplier/z1_reg1_28" (FF) removed.
   The signal "prng/multiplier/z1<28>" is loadless and has been removed.
    Loadless block "prng/multiplier/Msub_z1_xor<0>_27" (XOR) removed.
 The signal "prng/multiplier/z2_reg1<12>" is loadless and has been removed.
  Loadless block "prng/multiplier/z2_reg1_12" (FF) removed.
 The signal "prng/multiplier/Madd_GND_71_o_z2_reg1[31]_add_20_OUT27" is loadless
and has been removed.
  Loadless block "prng/multiplier/Madd_GND_71_o_z2_reg1[31]_add_20_OUT27" (ROM)
removed.
Loadless block "prng/multiplier/Madd_GND_71_o_z2_reg1[31]_add_20_OUT_lut<0>29"
(ROM) removed.
 The signal "prng/multiplier/z1_reg1<29>" is loadless and has been removed.
  Loadless block "prng/multiplier/z1_reg1_29" (FF) removed.
   The signal "prng/multiplier/z1<29>" is loadless and has been removed.
    Loadless block "prng/multiplier/Msub_z1_xor<0>_28" (XOR) removed.
 The signal "prng/multiplier/z2_reg1<13>" is loadless and has been removed.
  Loadless block "prng/multiplier/z2_reg1_13" (FF) removed.
 The signal "prng/multiplier/Madd_GND_71_o_z2_reg1[31]_add_20_OUT28" is loadless
and has been removed.
  Loadless block "prng/multiplier/Madd_GND_71_o_z2_reg1[31]_add_20_OUT28" (ROM)
removed.
Loadless block "prng/multiplier/Madd_GND_71_o_z2_reg1[31]_add_20_OUT_lut<0>30"
(ROM) removed.
 The signal "prng/multiplier/z1_reg1<30>" is loadless and has been removed.
  Loadless block "prng/multiplier/z1_reg1_30" (FF) removed.
   The signal "prng/multiplier/z1<30>" is loadless and has been removed.
    Loadless block "prng/multiplier/Msub_z1_xor<0>_29" (XOR) removed.
 The signal "prng/multiplier/z2_reg1<14>" is loadless and has been removed.
  Loadless block "prng/multiplier/z2_reg1_14" (FF) removed.
 The signal "prng/multiplier/Madd_GND_71_o_z2_reg1[31]_add_20_OUT29" is loadless
and has been removed.
  Loadless block "prng/multiplier/Madd_GND_71_o_z2_reg1[31]_add_20_OUT29" (ROM)
removed.
Loadless block "prng/multiplier/Madd_GND_71_o_z2_reg1[31]_add_20_OUT_lut<0>31"
(ROM) removed.
 The signal "prng/multiplier/Madd_GND_71_o_z2_reg1[31]_add_20_OUT30" is loadless
and has been removed.
  Loadless block "prng/multiplier/Madd_GND_71_o_z2_reg1[31]_add_20_OUT30" (ROM)
removed.
Loadless block "prng/multiplier/Msub_z131" (ROM) removed.

Optimized Block(s):
TYPE 		BLOCK
GND 		XST_GND
VCC 		XST_VCC
VCC 		prng/multiplier/my_MUL_IPCore0/blk00000001
GND 		prng/multiplier/my_MUL_IPCore0/blk00000002
VCC 		prng/multiplier/my_MUL_IPCore1/blk00000001
GND 		prng/multiplier/my_MUL_IPCore1/blk00000002
VCC 		prng/multiplier/my_MUL_IPCore2/blk00000001
GND 		prng/multiplier/my_MUL_IPCore2/blk00000002

To enable printing of redundant blocks removed and signals merged, set the
detailed map report option and rerun map.

Section 6 - IOB Properties
--------------------------

+---------------------------------------------------------------------------------------------------------------------------------------------------------+
| IOB Name                           | Type             | Direction | IO Standard          | Diff  | Drive    | Slew | Reg (s)      | Resistor | IOB      |
|                                    |                  |           |                      | Term  | Strength | Rate |              |          | Delay    |
+---------------------------------------------------------------------------------------------------------------------------------------------------------+
| clk                                | IOB              | INPUT     | LVCMOS25             |       |          |      |              |          |          |
| dat_mem1_addr<0>                   | IOB              | OUTPUT    | LVCMOS25             |       | 12       | SLOW |              |          |          |
| dat_mem1_addr<1>                   | IOB              | OUTPUT    | LVCMOS25             |       | 12       | SLOW |              |          |          |
| dat_mem1_addr<2>                   | IOB              | OUTPUT    | LVCMOS25             |       | 12       | SLOW |              |          |          |
| dat_mem1_addr<3>                   | IOB              | OUTPUT    | LVCMOS25             |       | 12       | SLOW |              |          |          |
| dat_mem1_addr<4>                   | IOB              | OUTPUT    | LVCMOS25             |       | 12       | SLOW |              |          |          |
| dat_mem1_addr<5>                   | IOB              | OUTPUT    | LVCMOS25             |       | 12       | SLOW |              |          |          |
| dat_mem1_addr<6>                   | IOB              | OUTPUT    | LVCMOS25             |       | 12       | SLOW |              |          |          |
| dat_mem1_addr<7>                   | IOB              | OUTPUT    | LVCMOS25             |       | 12       | SLOW |              |          |          |
| dat_mem1_addr<8>                   | IOB              | OUTPUT    | LVCMOS25             |       | 12       | SLOW |              |          |          |
| dat_mem1_addr<9>                   | IOB              | OUTPUT    | LVCMOS25             |       | 12       | SLOW |              |          |          |
| dat_mem1_addr<10>                  | IOB              | OUTPUT    | LVCMOS25             |       | 12       | SLOW |              |          |          |
| dat_mem1_addr<11>                  | IOB              | OUTPUT    | LVCMOS25             |       | 12       | SLOW |              |          |          |
| dat_mem1_cs<0>                     | IOB              | OUTPUT    | LVCMOS25             |       | 12       | SLOW |              |          |          |
| dat_mem1_cs<1>                     | IOB              | OUTPUT    | LVCMOS25             |       | 12       | SLOW |              |          |          |
| dat_mem1_cs<2>                     | IOB              | OUTPUT    | LVCMOS25             |       | 12       | SLOW |              |          |          |
| dat_mem1_cs<3>                     | IOB              | OUTPUT    | LVCMOS25             |       | 12       | SLOW |              |          |          |
| dat_mem1_cs<4>                     | IOB              | OUTPUT    | LVCMOS25             |       | 12       | SLOW |              |          |          |
| dat_mem1_en_b                      | IOB              | OUTPUT    | LVCMOS25             |       | 12       | SLOW |              |          |          |
| dat_mem1_rw                        | IOB              | OUTPUT    | LVCMOS25             |       | 12       | SLOW |              |          |          |
| ins_mem_addr<0>                    | IOB              | OUTPUT    | LVCMOS25             |       | 12       | SLOW |              |          |          |
| ins_mem_addr<1>                    | IOB              | OUTPUT    | LVCMOS25             |       | 12       | SLOW |              |          |          |
| ins_mem_addr<2>                    | IOB              | OUTPUT    | LVCMOS25             |       | 12       | SLOW |              |          |          |
| ins_mem_addr<3>                    | IOB              | OUTPUT    | LVCMOS25             |       | 12       | SLOW |              |          |          |
| ins_mem_addr<4>                    | IOB              | OUTPUT    | LVCMOS25             |       | 12       | SLOW |              |          |          |
| ins_mem_addr<5>                    | IOB              | OUTPUT    | LVCMOS25             |       | 12       | SLOW |              |          |          |
| ins_mem_addr<6>                    | IOB              | OUTPUT    | LVCMOS25             |       | 12       | SLOW |              |          |          |
| ins_mem_addr<7>                    | IOB              | OUTPUT    | LVCMOS25             |       | 12       | SLOW |              |          |          |
| ins_mem_addr<8>                    | IOB              | OUTPUT    | LVCMOS25             |       | 12       | SLOW |              |          |          |
| ins_mem_addr<9>                    | IOB              | OUTPUT    | LVCMOS25             |       | 12       | SLOW |              |          |          |
| ins_mem_dat<0>                     | IOB              | INPUT     | LVCMOS25             |       |          |      |              |          |          |
| ins_mem_dat<1>                     | IOB              | INPUT     | LVCMOS25             |       |          |      |              |          |          |
| ins_mem_dat<2>                     | IOB              | INPUT     | LVCMOS25             |       |          |      |              |          |          |
| ins_mem_dat<3>                     | IOB              | INPUT     | LVCMOS25             |       |          |      |              |          |          |
| ins_mem_dat<4>                     | IOB              | INPUT     | LVCMOS25             |       |          |      |              |          |          |
| ins_mem_dat<5>                     | IOB              | INPUT     | LVCMOS25             |       |          |      |              |          |          |
| ins_mem_dat<6>                     | IOB              | INPUT     | LVCMOS25             |       |          |      |              |          |          |
| ins_mem_dat<7>                     | IOB              | INPUT     | LVCMOS25             |       |          |      |              |          |          |
| ins_mem_dat<8>                     | IOB              | INPUT     | LVCMOS25             |       |          |      |              |          |          |
| ins_mem_dat<9>                     | IOB              | INPUT     | LVCMOS25             |       |          |      |              |          |          |
| ins_mem_dat<10>                    | IOB              | INPUT     | LVCMOS25             |       |          |      |              |          |          |
| ins_mem_dat<11>                    | IOB              | INPUT     | LVCMOS25             |       |          |      |              |          |          |
| ins_mem_dat<12>                    | IOB              | INPUT     | LVCMOS25             |       |          |      |              |          |          |
| ins_mem_dat<13>                    | IOB              | INPUT     | LVCMOS25             |       |          |      |              |          |          |
| ins_mem_dat<14>                    | IOB              | INPUT     | LVCMOS25             |       |          |      |              |          |          |
| ins_mem_dat<15>                    | IOB              | INPUT     | LVCMOS25             |       |          |      |              |          |          |
| ins_mem_dat<16>                    | IOB              | INPUT     | LVCMOS25             |       |          |      |              |          |          |
| ins_mem_dat<17>                    | IOB              | INPUT     | LVCMOS25             |       |          |      |              |          |          |
| ins_mem_dat<18>                    | IOB              | INPUT     | LVCMOS25             |       |          |      |              |          |          |
| ins_mem_dat<19>                    | IOB              | INPUT     | LVCMOS25             |       |          |      |              |          |          |
| ins_mem_dat<20>                    | IOB              | INPUT     | LVCMOS25             |       |          |      |              |          |          |
| ins_mem_dat<21>                    | IOB              | INPUT     | LVCMOS25             |       |          |      |              |          |          |
| ins_mem_dat<22>                    | IOB              | INPUT     | LVCMOS25             |       |          |      |              |          |          |
| ins_mem_dat<23>                    | IOB              | INPUT     | LVCMOS25             |       |          |      |              |          |          |
| ins_mem_dat<24>                    | IOB              | INPUT     | LVCMOS25             |       |          |      |              |          |          |
| ins_mem_dat<25>                    | IOB              | INPUT     | LVCMOS25             |       |          |      |              |          |          |
| ins_mem_dat<26>                    | IOB              | INPUT     | LVCMOS25             |       |          |      |              |          |          |
| ins_mem_dat<27>                    | IOB              | INPUT     | LVCMOS25             |       |          |      |              |          |          |
| ins_mem_dat<28>                    | IOB              | INPUT     | LVCMOS25             |       |          |      |              |          |          |
| ins_mem_dat<29>                    | IOB              | INPUT     | LVCMOS25             |       |          |      |              |          |          |
| ins_mem_dat<30>                    | IOB              | INPUT     | LVCMOS25             |       |          |      |              |          |          |
| ins_mem_dat<31>                    | IOB              | INPUT     | LVCMOS25             |       |          |      |              |          |          |
| ins_mem_dat<32>                    | IOB              | INPUT     | LVCMOS25             |       |          |      |              |          |          |
| ins_mem_dat<33>                    | IOB              | INPUT     | LVCMOS25             |       |          |      |              |          |          |
| ins_mem_dat<34>                    | IOB              | INPUT     | LVCMOS25             |       |          |      |              |          |          |
| ins_mem_dat<35>                    | IOB              | INPUT     | LVCMOS25             |       |          |      |              |          |          |
| ins_mem_dat<36>                    | IOB              | INPUT     | LVCMOS25             |       |          |      |              |          |          |
| ins_mem_dat<37>                    | IOB              | INPUT     | LVCMOS25             |       |          |      |              |          |          |
| ins_mem_dat<38>                    | IOB              | INPUT     | LVCMOS25             |       |          |      |              |          |          |
| ins_mem_dat<39>                    | IOB              | INPUT     | LVCMOS25             |       |          |      |              |          |          |
| ins_mem_dat<40>                    | IOB              | INPUT     | LVCMOS25             |       |          |      |              |          |          |
| ins_mem_dat<41>                    | IOB              | INPUT     | LVCMOS25             |       |          |      |              |          |          |
| ins_mem_dat<42>                    | IOB              | INPUT     | LVCMOS25             |       |          |      |              |          |          |
| ins_mem_en_b                       | IOB              | OUTPUT    | LVCMOS25             |       | 12       | SLOW |              |          |          |
| mem1_to_wrp_dat<0>                 | IOB              | INPUT     | LVCMOS25             |       |          |      |              |          |          |
| mem1_to_wrp_dat<1>                 | IOB              | INPUT     | LVCMOS25             |       |          |      |              |          |          |
| mem1_to_wrp_dat<2>                 | IOB              | INPUT     | LVCMOS25             |       |          |      |              |          |          |
| mem1_to_wrp_dat<3>                 | IOB              | INPUT     | LVCMOS25             |       |          |      |              |          |          |
| mem1_to_wrp_dat<4>                 | IOB              | INPUT     | LVCMOS25             |       |          |      |              |          |          |
| mem1_to_wrp_dat<5>                 | IOB              | INPUT     | LVCMOS25             |       |          |      |              |          |          |
| mem1_to_wrp_dat<6>                 | IOB              | INPUT     | LVCMOS25             |       |          |      |              |          |          |
| mem1_to_wrp_dat<7>                 | IOB              | INPUT     | LVCMOS25             |       |          |      |              |          |          |
| mem1_to_wrp_dat<8>                 | IOB              | INPUT     | LVCMOS25             |       |          |      |              |          |          |
| mem1_to_wrp_dat<9>                 | IOB              | INPUT     | LVCMOS25             |       |          |      |              |          |          |
| mem1_to_wrp_dat<10>                | IOB              | INPUT     | LVCMOS25             |       |          |      |              |          |          |
| mem1_to_wrp_dat<11>                | IOB              | INPUT     | LVCMOS25             |       |          |      |              |          |          |
| mem1_to_wrp_dat<12>                | IOB              | INPUT     | LVCMOS25             |       |          |      |              |          |          |
| mem1_to_wrp_dat<13>                | IOB              | INPUT     | LVCMOS25             |       |          |      |              |          |          |
| mem1_to_wrp_dat<14>                | IOB              | INPUT     | LVCMOS25             |       |          |      |              |          |          |
| mem1_to_wrp_dat<15>                | IOB              | INPUT     | LVCMOS25             |       |          |      |              |          |          |
| mem1_to_wrp_dat<16>                | IOB              | INPUT     | LVCMOS25             |       |          |      |              |          |          |
| mem1_to_wrp_dat<17>                | IOB              | INPUT     | LVCMOS25             |       |          |      |              |          |          |
| mem1_to_wrp_dat<18>                | IOB              | INPUT     | LVCMOS25             |       |          |      |              |          |          |
| mem1_to_wrp_dat<19>                | IOB              | INPUT     | LVCMOS25             |       |          |      |              |          |          |
| mem1_to_wrp_dat<20>                | IOB              | INPUT     | LVCMOS25             |       |          |      |              |          |          |
| mem1_to_wrp_dat<21>                | IOB              | INPUT     | LVCMOS25             |       |          |      |              |          |          |
| mem1_to_wrp_dat<22>                | IOB              | INPUT     | LVCMOS25             |       |          |      |              |          |          |
| mem1_to_wrp_dat<23>                | IOB              | INPUT     | LVCMOS25             |       |          |      |              |          |          |
| mem1_to_wrp_dat<24>                | IOB              | INPUT     | LVCMOS25             |       |          |      |              |          |          |
| mem1_to_wrp_dat<25>                | IOB              | INPUT     | LVCMOS25             |       |          |      |              |          |          |
| mem1_to_wrp_dat<26>                | IOB              | INPUT     | LVCMOS25             |       |          |      |              |          |          |
| mem1_to_wrp_dat<27>                | IOB              | INPUT     | LVCMOS25             |       |          |      |              |          |          |
| mem1_to_wrp_dat<28>                | IOB              | INPUT     | LVCMOS25             |       |          |      |              |          |          |
| mem1_to_wrp_dat<29>                | IOB              | INPUT     | LVCMOS25             |       |          |      |              |          |          |
| mem1_to_wrp_dat<30>                | IOB              | INPUT     | LVCMOS25             |       |          |      |              |          |          |
| mem1_to_wrp_dat<31>                | IOB              | INPUT     | LVCMOS25             |       |          |      |              |          |          |
| mem1_to_wrp_dat<32>                | IOB              | INPUT     | LVCMOS25             |       |          |      |              |          |          |
| mem1_to_wrp_dat<33>                | IOB              | INPUT     | LVCMOS25             |       |          |      |              |          |          |
| mem1_to_wrp_dat<34>                | IOB              | INPUT     | LVCMOS25             |       |          |      |              |          |          |
| mem1_to_wrp_dat<35>                | IOB              | INPUT     | LVCMOS25             |       |          |      |              |          |          |
| mem1_to_wrp_dat<36>                | IOB              | INPUT     | LVCMOS25             |       |          |      |              |          |          |
| mem1_to_wrp_dat<37>                | IOB              | INPUT     | LVCMOS25             |       |          |      |              |          |          |
| mem1_to_wrp_dat<38>                | IOB              | INPUT     | LVCMOS25             |       |          |      |              |          |          |
| mem1_to_wrp_dat<39>                | IOB              | INPUT     | LVCMOS25             |       |          |      |              |          |          |
| mem1_to_wrp_dat<40>                | IOB              | INPUT     | LVCMOS25             |       |          |      |              |          |          |
| mem1_to_wrp_dat<41>                | IOB              | INPUT     | LVCMOS25             |       |          |      |              |          |          |
| mem1_to_wrp_dat<42>                | IOB              | INPUT     | LVCMOS25             |       |          |      |              |          |          |
| mem1_to_wrp_dat<43>                | IOB              | INPUT     | LVCMOS25             |       |          |      |              |          |          |
| mem1_to_wrp_dat<44>                | IOB              | INPUT     | LVCMOS25             |       |          |      |              |          |          |
| mem1_to_wrp_dat<45>                | IOB              | INPUT     | LVCMOS25             |       |          |      |              |          |          |
| mem1_to_wrp_dat<46>                | IOB              | INPUT     | LVCMOS25             |       |          |      |              |          |          |
| mem1_to_wrp_dat<47>                | IOB              | INPUT     | LVCMOS25             |       |          |      |              |          |          |
| mem1_to_wrp_dat<48>                | IOB              | INPUT     | LVCMOS25             |       |          |      |              |          |          |
| mem1_to_wrp_dat<49>                | IOB              | INPUT     | LVCMOS25             |       |          |      |              |          |          |
| mem1_to_wrp_dat<50>                | IOB              | INPUT     | LVCMOS25             |       |          |      |              |          |          |
| mem1_to_wrp_dat<51>                | IOB              | INPUT     | LVCMOS25             |       |          |      |              |          |          |
| mem1_to_wrp_dat<52>                | IOB              | INPUT     | LVCMOS25             |       |          |      |              |          |          |
| mem1_to_wrp_dat<53>                | IOB              | INPUT     | LVCMOS25             |       |          |      |              |          |          |
| mem1_to_wrp_dat<54>                | IOB              | INPUT     | LVCMOS25             |       |          |      |              |          |          |
| mem1_to_wrp_dat<55>                | IOB              | INPUT     | LVCMOS25             |       |          |      |              |          |          |
| mem1_to_wrp_dat<56>                | IOB              | INPUT     | LVCMOS25             |       |          |      |              |          |          |
| mem1_to_wrp_dat<57>                | IOB              | INPUT     | LVCMOS25             |       |          |      |              |          |          |
| mem1_to_wrp_dat<58>                | IOB              | INPUT     | LVCMOS25             |       |          |      |              |          |          |
| mem1_to_wrp_dat<59>                | IOB              | INPUT     | LVCMOS25             |       |          |      |              |          |          |
| mem1_to_wrp_dat<60>                | IOB              | INPUT     | LVCMOS25             |       |          |      |              |          |          |
| mem1_to_wrp_dat<61>                | IOB              | INPUT     | LVCMOS25             |       |          |      |              |          |          |
| mem1_to_wrp_dat<62>                | IOB              | INPUT     | LVCMOS25             |       |          |      |              |          |          |
| mem1_to_wrp_dat<63>                | IOB              | INPUT     | LVCMOS25             |       |          |      |              |          |          |
| mem1_to_wrp_dat<64>                | IOB              | INPUT     | LVCMOS25             |       |          |      |              |          |          |
| mem1_to_wrp_dat<65>                | IOB              | INPUT     | LVCMOS25             |       |          |      |              |          |          |
| mem1_to_wrp_dat<66>                | IOB              | INPUT     | LVCMOS25             |       |          |      |              |          |          |
| mem1_to_wrp_dat<67>                | IOB              | INPUT     | LVCMOS25             |       |          |      |              |          |          |
| mem1_to_wrp_dat<68>                | IOB              | INPUT     | LVCMOS25             |       |          |      |              |          |          |
| mem1_to_wrp_dat<69>                | IOB              | INPUT     | LVCMOS25             |       |          |      |              |          |          |
| mem1_to_wrp_dat<70>                | IOB              | INPUT     | LVCMOS25             |       |          |      |              |          |          |
| mem1_to_wrp_dat<71>                | IOB              | INPUT     | LVCMOS25             |       |          |      |              |          |          |
| mem1_to_wrp_dat<72>                | IOB              | INPUT     | LVCMOS25             |       |          |      |              |          |          |
| mem1_to_wrp_dat<73>                | IOB              | INPUT     | LVCMOS25             |       |          |      |              |          |          |
| mem1_to_wrp_dat<74>                | IOB              | INPUT     | LVCMOS25             |       |          |      |              |          |          |
| mem1_to_wrp_dat<75>                | IOB              | INPUT     | LVCMOS25             |       |          |      |              |          |          |
| mem1_to_wrp_dat<76>                | IOB              | INPUT     | LVCMOS25             |       |          |      |              |          |          |
| mem1_to_wrp_dat<77>                | IOB              | INPUT     | LVCMOS25             |       |          |      |              |          |          |
| mem1_to_wrp_dat<78>                | IOB              | INPUT     | LVCMOS25             |       |          |      |              |          |          |
| mem1_to_wrp_dat<79>                | IOB              | INPUT     | LVCMOS25             |       |          |      |              |          |          |
| mem1_to_wrp_dat<80>                | IOB              | INPUT     | LVCMOS25             |       |          |      |              |          |          |
| mem1_to_wrp_dat<81>                | IOB              | INPUT     | LVCMOS25             |       |          |      |              |          |          |
| mem1_to_wrp_dat<82>                | IOB              | INPUT     | LVCMOS25             |       |          |      |              |          |          |
| mem1_to_wrp_dat<83>                | IOB              | INPUT     | LVCMOS25             |       |          |      |              |          |          |
| mem1_to_wrp_dat<84>                | IOB              | INPUT     | LVCMOS25             |       |          |      |              |          |          |
| mem1_to_wrp_dat<85>                | IOB              | INPUT     | LVCMOS25             |       |          |      |              |          |          |
| mem1_to_wrp_dat<86>                | IOB              | INPUT     | LVCMOS25             |       |          |      |              |          |          |
| mem1_to_wrp_dat<87>                | IOB              | INPUT     | LVCMOS25             |       |          |      |              |          |          |
| mem1_to_wrp_dat<88>                | IOB              | INPUT     | LVCMOS25             |       |          |      |              |          |          |
| mem1_to_wrp_dat<89>                | IOB              | INPUT     | LVCMOS25             |       |          |      |              |          |          |
| mem1_to_wrp_dat<90>                | IOB              | INPUT     | LVCMOS25             |       |          |      |              |          |          |
| mem1_to_wrp_dat<91>                | IOB              | INPUT     | LVCMOS25             |       |          |      |              |          |          |
| mem1_to_wrp_dat<92>                | IOB              | INPUT     | LVCMOS25             |       |          |      |              |          |          |
| mem1_to_wrp_dat<93>                | IOB              | INPUT     | LVCMOS25             |       |          |      |              |          |          |
| mem1_to_wrp_dat<94>                | IOB              | INPUT     | LVCMOS25             |       |          |      |              |          |          |
| mem1_to_wrp_dat<95>                | IOB              | INPUT     | LVCMOS25             |       |          |      |              |          |          |
| mem1_to_wrp_dat<96>                | IOB              | INPUT     | LVCMOS25             |       |          |      |              |          |          |
| mem1_to_wrp_dat<97>                | IOB              | INPUT     | LVCMOS25             |       |          |      |              |          |          |
| mem1_to_wrp_dat<98>                | IOB              | INPUT     | LVCMOS25             |       |          |      |              |          |          |
| mem1_to_wrp_dat<99>                | IOB              | INPUT     | LVCMOS25             |       |          |      |              |          |          |
| mem1_to_wrp_dat<100>               | IOB              | INPUT     | LVCMOS25             |       |          |      |              |          |          |
| mem1_to_wrp_dat<101>               | IOB              | INPUT     | LVCMOS25             |       |          |      |              |          |          |
| mem1_to_wrp_dat<102>               | IOB              | INPUT     | LVCMOS25             |       |          |      |              |          |          |
| mem1_to_wrp_dat<103>               | IOB              | INPUT     | LVCMOS25             |       |          |      |              |          |          |
| mem1_to_wrp_dat<104>               | IOB              | INPUT     | LVCMOS25             |       |          |      |              |          |          |
| mem1_to_wrp_dat<105>               | IOB              | INPUT     | LVCMOS25             |       |          |      |              |          |          |
| mem1_to_wrp_dat<106>               | IOB              | INPUT     | LVCMOS25             |       |          |      |              |          |          |
| mem1_to_wrp_dat<107>               | IOB              | INPUT     | LVCMOS25             |       |          |      |              |          |          |
| mem1_to_wrp_dat<108>               | IOB              | INPUT     | LVCMOS25             |       |          |      |              |          |          |
| mem1_to_wrp_dat<109>               | IOB              | INPUT     | LVCMOS25             |       |          |      |              |          |          |
| mem1_to_wrp_dat<110>               | IOB              | INPUT     | LVCMOS25             |       |          |      |              |          |          |
| mem1_to_wrp_dat<111>               | IOB              | INPUT     | LVCMOS25             |       |          |      |              |          |          |
| mem1_to_wrp_dat<112>               | IOB              | INPUT     | LVCMOS25             |       |          |      |              |          |          |
| mem1_to_wrp_dat<113>               | IOB              | INPUT     | LVCMOS25             |       |          |      |              |          |          |
| mem1_to_wrp_dat<114>               | IOB              | INPUT     | LVCMOS25             |       |          |      |              |          |          |
| mem1_to_wrp_dat<115>               | IOB              | INPUT     | LVCMOS25             |       |          |      |              |          |          |
| mem1_to_wrp_dat<116>               | IOB              | INPUT     | LVCMOS25             |       |          |      |              |          |          |
| mem1_to_wrp_dat<117>               | IOB              | INPUT     | LVCMOS25             |       |          |      |              |          |          |
| mem1_to_wrp_dat<118>               | IOB              | INPUT     | LVCMOS25             |       |          |      |              |          |          |
| mem1_to_wrp_dat<119>               | IOB              | INPUT     | LVCMOS25             |       |          |      |              |          |          |
| mem1_to_wrp_dat<120>               | IOB              | INPUT     | LVCMOS25             |       |          |      |              |          |          |
| mem1_to_wrp_dat<121>               | IOB              | INPUT     | LVCMOS25             |       |          |      |              |          |          |
| mem1_to_wrp_dat<122>               | IOB              | INPUT     | LVCMOS25             |       |          |      |              |          |          |
| mem1_to_wrp_dat<123>               | IOB              | INPUT     | LVCMOS25             |       |          |      |              |          |          |
| mem1_to_wrp_dat<124>               | IOB              | INPUT     | LVCMOS25             |       |          |      |              |          |          |
| mem1_to_wrp_dat<125>               | IOB              | INPUT     | LVCMOS25             |       |          |      |              |          |          |
| mem1_to_wrp_dat<126>               | IOB              | INPUT     | LVCMOS25             |       |          |      |              |          |          |
| mem1_to_wrp_dat<127>               | IOB              | INPUT     | LVCMOS25             |       |          |      |              |          |          |
| mem1_to_wrp_dat<128>               | IOB              | INPUT     | LVCMOS25             |       |          |      |              |          |          |
| mem1_to_wrp_dat<129>               | IOB              | INPUT     | LVCMOS25             |       |          |      |              |          |          |
| mem1_to_wrp_dat<130>               | IOB              | INPUT     | LVCMOS25             |       |          |      |              |          |          |
| mem1_to_wrp_dat<131>               | IOB              | INPUT     | LVCMOS25             |       |          |      |              |          |          |
| mem1_to_wrp_dat<132>               | IOB              | INPUT     | LVCMOS25             |       |          |      |              |          |          |
| mem1_to_wrp_dat<133>               | IOB              | INPUT     | LVCMOS25             |       |          |      |              |          |          |
| mem1_to_wrp_dat<134>               | IOB              | INPUT     | LVCMOS25             |       |          |      |              |          |          |
| mem1_to_wrp_dat<135>               | IOB              | INPUT     | LVCMOS25             |       |          |      |              |          |          |
| mem1_to_wrp_dat<136>               | IOB              | INPUT     | LVCMOS25             |       |          |      |              |          |          |
| mem1_to_wrp_dat<137>               | IOB              | INPUT     | LVCMOS25             |       |          |      |              |          |          |
| mem1_to_wrp_dat<138>               | IOB              | INPUT     | LVCMOS25             |       |          |      |              |          |          |
| mem1_to_wrp_dat<139>               | IOB              | INPUT     | LVCMOS25             |       |          |      |              |          |          |
| mem1_to_wrp_dat<140>               | IOB              | INPUT     | LVCMOS25             |       |          |      |              |          |          |
| mem1_to_wrp_dat<141>               | IOB              | INPUT     | LVCMOS25             |       |          |      |              |          |          |
| mem1_to_wrp_dat<142>               | IOB              | INPUT     | LVCMOS25             |       |          |      |              |          |          |
| mem1_to_wrp_dat<143>               | IOB              | INPUT     | LVCMOS25             |       |          |      |              |          |          |
| reset_b                            | IOB              | INPUT     | LVCMOS25             |       |          |      |              |          |          |
| t_cs                               | IOB              | INPUT     | LVCMOS25             |       |          |      |              |          |          |
| wrp_to_mem1_dat<0>                 | IOB              | OUTPUT    | LVCMOS25             |       | 12       | SLOW |              |          |          |
| wrp_to_mem1_dat<1>                 | IOB              | OUTPUT    | LVCMOS25             |       | 12       | SLOW |              |          |          |
| wrp_to_mem1_dat<2>                 | IOB              | OUTPUT    | LVCMOS25             |       | 12       | SLOW |              |          |          |
| wrp_to_mem1_dat<3>                 | IOB              | OUTPUT    | LVCMOS25             |       | 12       | SLOW |              |          |          |
| wrp_to_mem1_dat<4>                 | IOB              | OUTPUT    | LVCMOS25             |       | 12       | SLOW |              |          |          |
| wrp_to_mem1_dat<5>                 | IOB              | OUTPUT    | LVCMOS25             |       | 12       | SLOW |              |          |          |
| wrp_to_mem1_dat<6>                 | IOB              | OUTPUT    | LVCMOS25             |       | 12       | SLOW |              |          |          |
| wrp_to_mem1_dat<7>                 | IOB              | OUTPUT    | LVCMOS25             |       | 12       | SLOW |              |          |          |
| wrp_to_mem1_dat<8>                 | IOB              | OUTPUT    | LVCMOS25             |       | 12       | SLOW |              |          |          |
| wrp_to_mem1_dat<9>                 | IOB              | OUTPUT    | LVCMOS25             |       | 12       | SLOW |              |          |          |
| wrp_to_mem1_dat<10>                | IOB              | OUTPUT    | LVCMOS25             |       | 12       | SLOW |              |          |          |
| wrp_to_mem1_dat<11>                | IOB              | OUTPUT    | LVCMOS25             |       | 12       | SLOW |              |          |          |
| wrp_to_mem1_dat<12>                | IOB              | OUTPUT    | LVCMOS25             |       | 12       | SLOW |              |          |          |
| wrp_to_mem1_dat<13>                | IOB              | OUTPUT    | LVCMOS25             |       | 12       | SLOW |              |          |          |
| wrp_to_mem1_dat<14>                | IOB              | OUTPUT    | LVCMOS25             |       | 12       | SLOW |              |          |          |
| wrp_to_mem1_dat<15>                | IOB              | OUTPUT    | LVCMOS25             |       | 12       | SLOW |              |          |          |
| wrp_to_mem1_dat<16>                | IOB              | OUTPUT    | LVCMOS25             |       | 12       | SLOW |              |          |          |
| wrp_to_mem1_dat<17>                | IOB              | OUTPUT    | LVCMOS25             |       | 12       | SLOW |              |          |          |
| wrp_to_mem1_dat<18>                | IOB              | OUTPUT    | LVCMOS25             |       | 12       | SLOW |              |          |          |
| wrp_to_mem1_dat<19>                | IOB              | OUTPUT    | LVCMOS25             |       | 12       | SLOW |              |          |          |
| wrp_to_mem1_dat<20>                | IOB              | OUTPUT    | LVCMOS25             |       | 12       | SLOW |              |          |          |
| wrp_to_mem1_dat<21>                | IOB              | OUTPUT    | LVCMOS25             |       | 12       | SLOW |              |          |          |
| wrp_to_mem1_dat<22>                | IOB              | OUTPUT    | LVCMOS25             |       | 12       | SLOW |              |          |          |
| wrp_to_mem1_dat<23>                | IOB              | OUTPUT    | LVCMOS25             |       | 12       | SLOW |              |          |          |
| wrp_to_mem1_dat<24>                | IOB              | OUTPUT    | LVCMOS25             |       | 12       | SLOW |              |          |          |
| wrp_to_mem1_dat<25>                | IOB              | OUTPUT    | LVCMOS25             |       | 12       | SLOW |              |          |          |
| wrp_to_mem1_dat<26>                | IOB              | OUTPUT    | LVCMOS25             |       | 12       | SLOW |              |          |          |
| wrp_to_mem1_dat<27>                | IOB              | OUTPUT    | LVCMOS25             |       | 12       | SLOW |              |          |          |
| wrp_to_mem1_dat<28>                | IOB              | OUTPUT    | LVCMOS25             |       | 12       | SLOW |              |          |          |
| wrp_to_mem1_dat<29>                | IOB              | OUTPUT    | LVCMOS25             |       | 12       | SLOW |              |          |          |
| wrp_to_mem1_dat<30>                | IOB              | OUTPUT    | LVCMOS25             |       | 12       | SLOW |              |          |          |
| wrp_to_mem1_dat<31>                | IOB              | OUTPUT    | LVCMOS25             |       | 12       | SLOW |              |          |          |
| wrp_to_mem1_dat<32>                | IOB              | OUTPUT    | LVCMOS25             |       | 12       | SLOW |              |          |          |
| wrp_to_mem1_dat<33>                | IOB              | OUTPUT    | LVCMOS25             |       | 12       | SLOW |              |          |          |
| wrp_to_mem1_dat<34>                | IOB              | OUTPUT    | LVCMOS25             |       | 12       | SLOW |              |          |          |
| wrp_to_mem1_dat<35>                | IOB              | OUTPUT    | LVCMOS25             |       | 12       | SLOW |              |          |          |
| wrp_to_mem1_dat<36>                | IOB              | OUTPUT    | LVCMOS25             |       | 12       | SLOW |              |          |          |
| wrp_to_mem1_dat<37>                | IOB              | OUTPUT    | LVCMOS25             |       | 12       | SLOW |              |          |          |
| wrp_to_mem1_dat<38>                | IOB              | OUTPUT    | LVCMOS25             |       | 12       | SLOW |              |          |          |
| wrp_to_mem1_dat<39>                | IOB              | OUTPUT    | LVCMOS25             |       | 12       | SLOW |              |          |          |
| wrp_to_mem1_dat<40>                | IOB              | OUTPUT    | LVCMOS25             |       | 12       | SLOW |              |          |          |
| wrp_to_mem1_dat<41>                | IOB              | OUTPUT    | LVCMOS25             |       | 12       | SLOW |              |          |          |
| wrp_to_mem1_dat<42>                | IOB              | OUTPUT    | LVCMOS25             |       | 12       | SLOW |              |          |          |
| wrp_to_mem1_dat<43>                | IOB              | OUTPUT    | LVCMOS25             |       | 12       | SLOW |              |          |          |
| wrp_to_mem1_dat<44>                | IOB              | OUTPUT    | LVCMOS25             |       | 12       | SLOW |              |          |          |
| wrp_to_mem1_dat<45>                | IOB              | OUTPUT    | LVCMOS25             |       | 12       | SLOW |              |          |          |
| wrp_to_mem1_dat<46>                | IOB              | OUTPUT    | LVCMOS25             |       | 12       | SLOW |              |          |          |
| wrp_to_mem1_dat<47>                | IOB              | OUTPUT    | LVCMOS25             |       | 12       | SLOW |              |          |          |
| wrp_to_mem1_dat<48>                | IOB              | OUTPUT    | LVCMOS25             |       | 12       | SLOW |              |          |          |
| wrp_to_mem1_dat<49>                | IOB              | OUTPUT    | LVCMOS25             |       | 12       | SLOW |              |          |          |
| wrp_to_mem1_dat<50>                | IOB              | OUTPUT    | LVCMOS25             |       | 12       | SLOW |              |          |          |
| wrp_to_mem1_dat<51>                | IOB              | OUTPUT    | LVCMOS25             |       | 12       | SLOW |              |          |          |
| wrp_to_mem1_dat<52>                | IOB              | OUTPUT    | LVCMOS25             |       | 12       | SLOW |              |          |          |
| wrp_to_mem1_dat<53>                | IOB              | OUTPUT    | LVCMOS25             |       | 12       | SLOW |              |          |          |
| wrp_to_mem1_dat<54>                | IOB              | OUTPUT    | LVCMOS25             |       | 12       | SLOW |              |          |          |
| wrp_to_mem1_dat<55>                | IOB              | OUTPUT    | LVCMOS25             |       | 12       | SLOW |              |          |          |
| wrp_to_mem1_dat<56>                | IOB              | OUTPUT    | LVCMOS25             |       | 12       | SLOW |              |          |          |
| wrp_to_mem1_dat<57>                | IOB              | OUTPUT    | LVCMOS25             |       | 12       | SLOW |              |          |          |
| wrp_to_mem1_dat<58>                | IOB              | OUTPUT    | LVCMOS25             |       | 12       | SLOW |              |          |          |
| wrp_to_mem1_dat<59>                | IOB              | OUTPUT    | LVCMOS25             |       | 12       | SLOW |              |          |          |
| wrp_to_mem1_dat<60>                | IOB              | OUTPUT    | LVCMOS25             |       | 12       | SLOW |              |          |          |
| wrp_to_mem1_dat<61>                | IOB              | OUTPUT    | LVCMOS25             |       | 12       | SLOW |              |          |          |
| wrp_to_mem1_dat<62>                | IOB              | OUTPUT    | LVCMOS25             |       | 12       | SLOW |              |          |          |
| wrp_to_mem1_dat<63>                | IOB              | OUTPUT    | LVCMOS25             |       | 12       | SLOW |              |          |          |
| wrp_to_mem1_dat<64>                | IOB              | OUTPUT    | LVCMOS25             |       | 12       | SLOW |              |          |          |
| wrp_to_mem1_dat<65>                | IOB              | OUTPUT    | LVCMOS25             |       | 12       | SLOW |              |          |          |
| wrp_to_mem1_dat<66>                | IOB              | OUTPUT    | LVCMOS25             |       | 12       | SLOW |              |          |          |
| wrp_to_mem1_dat<67>                | IOB              | OUTPUT    | LVCMOS25             |       | 12       | SLOW |              |          |          |
| wrp_to_mem1_dat<68>                | IOB              | OUTPUT    | LVCMOS25             |       | 12       | SLOW |              |          |          |
| wrp_to_mem1_dat<69>                | IOB              | OUTPUT    | LVCMOS25             |       | 12       | SLOW |              |          |          |
| wrp_to_mem1_dat<70>                | IOB              | OUTPUT    | LVCMOS25             |       | 12       | SLOW |              |          |          |
| wrp_to_mem1_dat<71>                | IOB              | OUTPUT    | LVCMOS25             |       | 12       | SLOW |              |          |          |
| wrp_to_mem1_dat<72>                | IOB              | OUTPUT    | LVCMOS25             |       | 12       | SLOW |              |          |          |
| wrp_to_mem1_dat<73>                | IOB              | OUTPUT    | LVCMOS25             |       | 12       | SLOW |              |          |          |
| wrp_to_mem1_dat<74>                | IOB              | OUTPUT    | LVCMOS25             |       | 12       | SLOW |              |          |          |
| wrp_to_mem1_dat<75>                | IOB              | OUTPUT    | LVCMOS25             |       | 12       | SLOW |              |          |          |
| wrp_to_mem1_dat<76>                | IOB              | OUTPUT    | LVCMOS25             |       | 12       | SLOW |              |          |          |
| wrp_to_mem1_dat<77>                | IOB              | OUTPUT    | LVCMOS25             |       | 12       | SLOW |              |          |          |
| wrp_to_mem1_dat<78>                | IOB              | OUTPUT    | LVCMOS25             |       | 12       | SLOW |              |          |          |
| wrp_to_mem1_dat<79>                | IOB              | OUTPUT    | LVCMOS25             |       | 12       | SLOW |              |          |          |
| wrp_to_mem1_dat<80>                | IOB              | OUTPUT    | LVCMOS25             |       | 12       | SLOW |              |          |          |
| wrp_to_mem1_dat<81>                | IOB              | OUTPUT    | LVCMOS25             |       | 12       | SLOW |              |          |          |
| wrp_to_mem1_dat<82>                | IOB              | OUTPUT    | LVCMOS25             |       | 12       | SLOW |              |          |          |
| wrp_to_mem1_dat<83>                | IOB              | OUTPUT    | LVCMOS25             |       | 12       | SLOW |              |          |          |
| wrp_to_mem1_dat<84>                | IOB              | OUTPUT    | LVCMOS25             |       | 12       | SLOW |              |          |          |
| wrp_to_mem1_dat<85>                | IOB              | OUTPUT    | LVCMOS25             |       | 12       | SLOW |              |          |          |
| wrp_to_mem1_dat<86>                | IOB              | OUTPUT    | LVCMOS25             |       | 12       | SLOW |              |          |          |
| wrp_to_mem1_dat<87>                | IOB              | OUTPUT    | LVCMOS25             |       | 12       | SLOW |              |          |          |
| wrp_to_mem1_dat<88>                | IOB              | OUTPUT    | LVCMOS25             |       | 12       | SLOW |              |          |          |
| wrp_to_mem1_dat<89>                | IOB              | OUTPUT    | LVCMOS25             |       | 12       | SLOW |              |          |          |
| wrp_to_mem1_dat<90>                | IOB              | OUTPUT    | LVCMOS25             |       | 12       | SLOW |              |          |          |
| wrp_to_mem1_dat<91>                | IOB              | OUTPUT    | LVCMOS25             |       | 12       | SLOW |              |          |          |
| wrp_to_mem1_dat<92>                | IOB              | OUTPUT    | LVCMOS25             |       | 12       | SLOW |              |          |          |
| wrp_to_mem1_dat<93>                | IOB              | OUTPUT    | LVCMOS25             |       | 12       | SLOW |              |          |          |
| wrp_to_mem1_dat<94>                | IOB              | OUTPUT    | LVCMOS25             |       | 12       | SLOW |              |          |          |
| wrp_to_mem1_dat<95>                | IOB              | OUTPUT    | LVCMOS25             |       | 12       | SLOW |              |          |          |
| wrp_to_mem1_dat<96>                | IOB              | OUTPUT    | LVCMOS25             |       | 12       | SLOW |              |          |          |
| wrp_to_mem1_dat<97>                | IOB              | OUTPUT    | LVCMOS25             |       | 12       | SLOW |              |          |          |
| wrp_to_mem1_dat<98>                | IOB              | OUTPUT    | LVCMOS25             |       | 12       | SLOW |              |          |          |
| wrp_to_mem1_dat<99>                | IOB              | OUTPUT    | LVCMOS25             |       | 12       | SLOW |              |          |          |
| wrp_to_mem1_dat<100>               | IOB              | OUTPUT    | LVCMOS25             |       | 12       | SLOW |              |          |          |
| wrp_to_mem1_dat<101>               | IOB              | OUTPUT    | LVCMOS25             |       | 12       | SLOW |              |          |          |
| wrp_to_mem1_dat<102>               | IOB              | OUTPUT    | LVCMOS25             |       | 12       | SLOW |              |          |          |
| wrp_to_mem1_dat<103>               | IOB              | OUTPUT    | LVCMOS25             |       | 12       | SLOW |              |          |          |
| wrp_to_mem1_dat<104>               | IOB              | OUTPUT    | LVCMOS25             |       | 12       | SLOW |              |          |          |
| wrp_to_mem1_dat<105>               | IOB              | OUTPUT    | LVCMOS25             |       | 12       | SLOW |              |          |          |
| wrp_to_mem1_dat<106>               | IOB              | OUTPUT    | LVCMOS25             |       | 12       | SLOW |              |          |          |
| wrp_to_mem1_dat<107>               | IOB              | OUTPUT    | LVCMOS25             |       | 12       | SLOW |              |          |          |
| wrp_to_mem1_dat<108>               | IOB              | OUTPUT    | LVCMOS25             |       | 12       | SLOW |              |          |          |
| wrp_to_mem1_dat<109>               | IOB              | OUTPUT    | LVCMOS25             |       | 12       | SLOW |              |          |          |
| wrp_to_mem1_dat<110>               | IOB              | OUTPUT    | LVCMOS25             |       | 12       | SLOW |              |          |          |
| wrp_to_mem1_dat<111>               | IOB              | OUTPUT    | LVCMOS25             |       | 12       | SLOW |              |          |          |
| wrp_to_mem1_dat<112>               | IOB              | OUTPUT    | LVCMOS25             |       | 12       | SLOW |              |          |          |
| wrp_to_mem1_dat<113>               | IOB              | OUTPUT    | LVCMOS25             |       | 12       | SLOW |              |          |          |
| wrp_to_mem1_dat<114>               | IOB              | OUTPUT    | LVCMOS25             |       | 12       | SLOW |              |          |          |
| wrp_to_mem1_dat<115>               | IOB              | OUTPUT    | LVCMOS25             |       | 12       | SLOW |              |          |          |
| wrp_to_mem1_dat<116>               | IOB              | OUTPUT    | LVCMOS25             |       | 12       | SLOW |              |          |          |
| wrp_to_mem1_dat<117>               | IOB              | OUTPUT    | LVCMOS25             |       | 12       | SLOW |              |          |          |
| wrp_to_mem1_dat<118>               | IOB              | OUTPUT    | LVCMOS25             |       | 12       | SLOW |              |          |          |
| wrp_to_mem1_dat<119>               | IOB              | OUTPUT    | LVCMOS25             |       | 12       | SLOW |              |          |          |
| wrp_to_mem1_dat<120>               | IOB              | OUTPUT    | LVCMOS25             |       | 12       | SLOW |              |          |          |
| wrp_to_mem1_dat<121>               | IOB              | OUTPUT    | LVCMOS25             |       | 12       | SLOW |              |          |          |
| wrp_to_mem1_dat<122>               | IOB              | OUTPUT    | LVCMOS25             |       | 12       | SLOW |              |          |          |
| wrp_to_mem1_dat<123>               | IOB              | OUTPUT    | LVCMOS25             |       | 12       | SLOW |              |          |          |
| wrp_to_mem1_dat<124>               | IOB              | OUTPUT    | LVCMOS25             |       | 12       | SLOW |              |          |          |
| wrp_to_mem1_dat<125>               | IOB              | OUTPUT    | LVCMOS25             |       | 12       | SLOW |              |          |          |
| wrp_to_mem1_dat<126>               | IOB              | OUTPUT    | LVCMOS25             |       | 12       | SLOW |              |          |          |
| wrp_to_mem1_dat<127>               | IOB              | OUTPUT    | LVCMOS25             |       | 12       | SLOW |              |          |          |
| wrp_to_mem1_dat<128>               | IOB              | OUTPUT    | LVCMOS25             |       | 12       | SLOW |              |          |          |
| wrp_to_mem1_dat<129>               | IOB              | OUTPUT    | LVCMOS25             |       | 12       | SLOW |              |          |          |
| wrp_to_mem1_dat<130>               | IOB              | OUTPUT    | LVCMOS25             |       | 12       | SLOW |              |          |          |
| wrp_to_mem1_dat<131>               | IOB              | OUTPUT    | LVCMOS25             |       | 12       | SLOW |              |          |          |
| wrp_to_mem1_dat<132>               | IOB              | OUTPUT    | LVCMOS25             |       | 12       | SLOW |              |          |          |
| wrp_to_mem1_dat<133>               | IOB              | OUTPUT    | LVCMOS25             |       | 12       | SLOW |              |          |          |
| wrp_to_mem1_dat<134>               | IOB              | OUTPUT    | LVCMOS25             |       | 12       | SLOW |              |          |          |
| wrp_to_mem1_dat<135>               | IOB              | OUTPUT    | LVCMOS25             |       | 12       | SLOW |              |          |          |
| wrp_to_mem1_dat<136>               | IOB              | OUTPUT    | LVCMOS25             |       | 12       | SLOW |              |          |          |
| wrp_to_mem1_dat<137>               | IOB              | OUTPUT    | LVCMOS25             |       | 12       | SLOW |              |          |          |
| wrp_to_mem1_dat<138>               | IOB              | OUTPUT    | LVCMOS25             |       | 12       | SLOW |              |          |          |
| wrp_to_mem1_dat<139>               | IOB              | OUTPUT    | LVCMOS25             |       | 12       | SLOW |              |          |          |
| wrp_to_mem1_dat<140>               | IOB              | OUTPUT    | LVCMOS25             |       | 12       | SLOW |              |          |          |
| wrp_to_mem1_dat<141>               | IOB              | OUTPUT    | LVCMOS25             |       | 12       | SLOW |              |          |          |
| wrp_to_mem1_dat<142>               | IOB              | OUTPUT    | LVCMOS25             |       | 12       | SLOW |              |          |          |
| wrp_to_mem1_dat<143>               | IOB              | OUTPUT    | LVCMOS25             |       | 12       | SLOW |              |          |          |
+---------------------------------------------------------------------------------------------------------------------------------------------------------+

Section 7 - RPMs
----------------

Section 8 - Guide Report
------------------------
Guide not run on this design.

Section 9 - Area Group and Partition Summary
--------------------------------------------

Partition Implementation Status
-------------------------------

  No Partitions were found in this design.

-------------------------------

Area Group Information
----------------------

  No area groups were found in this design.

----------------------

Section 10 - Timing Report
--------------------------
A logic-level (pre-route) timing report can be generated by using Xilinx static
timing analysis tools, Timing Analyzer (GUI) or TRCE (command line), with the
mapped NCD and PCF files. Please note that this timing report will be generated
using estimated delay information. For accurate numbers, please generate a
timing report with the post Place and Route NCD file.

For more information about the Timing Analyzer, consult the Xilinx Timing
Analyzer Reference Manual; for more information about TRCE, consult the Xilinx
Command Line Tools User Guide "TRACE" chapter.

Section 11 - Configuration String Details
-----------------------------------------
Use the "-detail" map option to print out Configuration Strings

Section 12 - Control Set Information
------------------------------------
Use the "-detail" map option to print out Control Set Information.

Section 13 - Utilization by Hierarchy
-------------------------------------
Use the "-detail" map option to print out the Utilization by Hierarchy section.
