--------------------------------------------------------------------------------
Release 13.2 Trace  (lin)
Copyright (c) 1995-2011 Xilinx, Inc.  All rights reserved.

/home/david/Xilinx/ISE13.2/ISE_DS/ISE/bin/lin/unwrapped/trce
/home/david/Dropbox/NiederreiterCryptoprocessor/ASIP/sim/ise_project/smartxplorer_results/run1/asip_top.ncd
/home/david/Dropbox/NiederreiterCryptoprocessor/ASIP/sim/ise_project/smartxplorer_results/run1/asip_top.pcf
-xml
/home/david/Dropbox/NiederreiterCryptoprocessor/ASIP/sim/ise_project/smartxplorer_results/run1/asip_top.twx
-v 3 -s 3 -n 3 -fastpaths -ucf asip_top.ucf -o
/home/david/Dropbox/NiederreiterCryptoprocessor/ASIP/sim/ise_project/smartxplorer_results/run1/asip_top.twr

Design file:              asip_top.ncd
Physical constraint file: asip_top.pcf
Device,package,speed:     xc6vlx240t,ff784,C,-3 (PRODUCTION 1.15 2011-06-20, STEPPING level 0)
Report level:             verbose report

Environment Variable      Effect 
--------------------      ------ 
NONE                      No environment variables were set
--------------------------------------------------------------------------------

INFO:Timing:2752 - To get complete path coverage, use the unconstrained paths 
   option. All paths that are not constrained will be reported in the 
   unconstrained paths section(s) of the report.
INFO:Timing:3339 - The clock-to-out numbers in this timing report are based on 
   a 50 Ohm transmission line loading model.  For the details of this model, 
   and for more information on accounting for different loading conditions, 
   please see the device datasheet.

================================================================================
Timing constraint: TS_clk = PERIOD TIMEGRP "clk" 4 ns HIGH 50%;

 287889 paths analyzed, 50385 endpoints analyzed, 311 failing endpoints
 311 timing errors detected. (311 setup errors, 0 hold errors, 0 component switching limit errors)
 Minimum period is   4.417ns.
--------------------------------------------------------------------------------

Paths for end point dat_sram/dat_sram5/U0/xst_blk_mem_generator/gnativebmg.native_blk_mem_gen/valid.cstr/ramloop[2].ram.r/v6_noinit.ram/SP.SIMPLE_PRIM36.ram (RAMB36_X3Y4.ADDRARDADDRL7), 1 path
--------------------------------------------------------------------------------
Slack (setup path):     -0.417ns (requirement - (data path - clock path skew + uncertainty))
  Source:               dat_sram/dmem_addr_tmp1_3 (FF)
  Destination:          dat_sram/dat_sram5/U0/xst_blk_mem_generator/gnativebmg.native_blk_mem_gen/valid.cstr/ramloop[2].ram.r/v6_noinit.ram/SP.SIMPLE_PRIM36.ram (RAM)
  Requirement:          4.000ns
  Data Path Delay:      4.529ns (Levels of Logic = 0)
  Clock Path Skew:      0.147ns (1.525 - 1.378)
  Source Clock:         clk_BUFGP rising at 0.000ns
  Destination Clock:    clk_BUFGP rising at 4.000ns
  Clock Uncertainty:    0.035ns

  Clock Uncertainty:          0.035ns  ((TSJ^2 + TIJ^2)^1/2 + DJ) / 2 + PE
    Total System Jitter (TSJ):  0.070ns
    Total Input Jitter (TIJ):   0.000ns
    Discrete Jitter (DJ):       0.000ns
    Phase Error (PE):           0.000ns

  Maximum Data Path at Slow Process Corner: dat_sram/dmem_addr_tmp1_3 to dat_sram/dat_sram5/U0/xst_blk_mem_generator/gnativebmg.native_blk_mem_gen/valid.cstr/ramloop[2].ram.r/v6_noinit.ram/SP.SIMPLE_PRIM36.ram
    Location                  Delay type         Delay(ns)  Physical Resource
                                                            Logical Resource(s)
    ------------------------------------------------------  -------------------
    SLICE_X85Y130.DQ          Tcko                  0.246   dat_sram/dmem_addr_tmp1<3>
                                                            dat_sram/dmem_addr_tmp1_3
    RAMB36_X3Y4.ADDRARDADDRL7 net (fanout=576)      3.922   dat_sram/dmem_addr_tmp1<3>
    RAMB36_X3Y4.CLKARDCLKL    Trcck_ADDRA           0.361   dat_sram/dat_sram5/U0/xst_blk_mem_generator/gnativebmg.native_blk_mem_gen/valid.cstr/ramloop[2].ram.r/v6_noinit.ram/SP.SIMPLE_PRIM36.ram
                                                            dat_sram/dat_sram5/U0/xst_blk_mem_generator/gnativebmg.native_blk_mem_gen/valid.cstr/ramloop[2].ram.r/v6_noinit.ram/SP.SIMPLE_PRIM36.ram
    ------------------------------------------------------  ---------------------------
    Total                                           4.529ns (0.607ns logic, 3.922ns route)
                                                            (13.4% logic, 86.6% route)

--------------------------------------------------------------------------------

Paths for end point dat_sram/dat_sram5/U0/xst_blk_mem_generator/gnativebmg.native_blk_mem_gen/valid.cstr/ramloop[2].ram.r/v6_noinit.ram/SP.SIMPLE_PRIM36.ram (RAMB36_X3Y4.ADDRARDADDRU7), 1 path
--------------------------------------------------------------------------------
Slack (setup path):     -0.410ns (requirement - (data path - clock path skew + uncertainty))
  Source:               dat_sram/dmem_addr_tmp1_3 (FF)
  Destination:          dat_sram/dat_sram5/U0/xst_blk_mem_generator/gnativebmg.native_blk_mem_gen/valid.cstr/ramloop[2].ram.r/v6_noinit.ram/SP.SIMPLE_PRIM36.ram (RAM)
  Requirement:          4.000ns
  Data Path Delay:      4.522ns (Levels of Logic = 0)
  Clock Path Skew:      0.147ns (1.525 - 1.378)
  Source Clock:         clk_BUFGP rising at 0.000ns
  Destination Clock:    clk_BUFGP rising at 4.000ns
  Clock Uncertainty:    0.035ns

  Clock Uncertainty:          0.035ns  ((TSJ^2 + TIJ^2)^1/2 + DJ) / 2 + PE
    Total System Jitter (TSJ):  0.070ns
    Total Input Jitter (TIJ):   0.000ns
    Discrete Jitter (DJ):       0.000ns
    Phase Error (PE):           0.000ns

  Maximum Data Path at Slow Process Corner: dat_sram/dmem_addr_tmp1_3 to dat_sram/dat_sram5/U0/xst_blk_mem_generator/gnativebmg.native_blk_mem_gen/valid.cstr/ramloop[2].ram.r/v6_noinit.ram/SP.SIMPLE_PRIM36.ram
    Location                  Delay type         Delay(ns)  Physical Resource
                                                            Logical Resource(s)
    ------------------------------------------------------  -------------------
    SLICE_X85Y130.DQ          Tcko                  0.246   dat_sram/dmem_addr_tmp1<3>
                                                            dat_sram/dmem_addr_tmp1_3
    RAMB36_X3Y4.ADDRARDADDRU7 net (fanout=576)      3.915   dat_sram/dmem_addr_tmp1<3>
    RAMB36_X3Y4.CLKARDCLKU    Trcck_ADDRA           0.361   dat_sram/dat_sram5/U0/xst_blk_mem_generator/gnativebmg.native_blk_mem_gen/valid.cstr/ramloop[2].ram.r/v6_noinit.ram/SP.SIMPLE_PRIM36.ram
                                                            dat_sram/dat_sram5/U0/xst_blk_mem_generator/gnativebmg.native_blk_mem_gen/valid.cstr/ramloop[2].ram.r/v6_noinit.ram/SP.SIMPLE_PRIM36.ram
    ------------------------------------------------------  ---------------------------
    Total                                           4.522ns (0.607ns logic, 3.915ns route)
                                                            (13.4% logic, 86.6% route)

--------------------------------------------------------------------------------

Paths for end point dat_sram/dat_sram3/U0/xst_blk_mem_generator/gnativebmg.native_blk_mem_gen/valid.cstr/ramloop[3].ram.r/v6_noinit.ram/SP.SIMPLE_PRIM36.ram (RAMB36_X3Y46.ADDRARDADDRU4), 1 path
--------------------------------------------------------------------------------
Slack (setup path):     -0.351ns (requirement - (data path - clock path skew + uncertainty))
  Source:               dat_sram/dmem_addr_tmp1_0 (FF)
  Destination:          dat_sram/dat_sram3/U0/xst_blk_mem_generator/gnativebmg.native_blk_mem_gen/valid.cstr/ramloop[3].ram.r/v6_noinit.ram/SP.SIMPLE_PRIM36.ram (RAM)
  Requirement:          4.000ns
  Data Path Delay:      4.470ns (Levels of Logic = 0)
  Clock Path Skew:      0.154ns (1.536 - 1.382)
  Source Clock:         clk_BUFGP rising at 0.000ns
  Destination Clock:    clk_BUFGP rising at 4.000ns
  Clock Uncertainty:    0.035ns

  Clock Uncertainty:          0.035ns  ((TSJ^2 + TIJ^2)^1/2 + DJ) / 2 + PE
    Total System Jitter (TSJ):  0.070ns
    Total Input Jitter (TIJ):   0.000ns
    Discrete Jitter (DJ):       0.000ns
    Phase Error (PE):           0.000ns

  Maximum Data Path at Slow Process Corner: dat_sram/dmem_addr_tmp1_0 to dat_sram/dat_sram3/U0/xst_blk_mem_generator/gnativebmg.native_blk_mem_gen/valid.cstr/ramloop[3].ram.r/v6_noinit.ram/SP.SIMPLE_PRIM36.ram
    Location                   Delay type         Delay(ns)  Physical Resource
                                                             Logical Resource(s)
    -------------------------------------------------------  -------------------
    SLICE_X84Y124.DQ           Tcko                  0.283   dat_sram/dmem_addr_tmp1<0>
                                                             dat_sram/dmem_addr_tmp1_0
    RAMB36_X3Y46.ADDRARDADDRU4 net (fanout=576)      3.826   dat_sram/dmem_addr_tmp1<0>
    RAMB36_X3Y46.CLKARDCLKU    Trcck_ADDRA           0.361   dat_sram/dat_sram3/U0/xst_blk_mem_generator/gnativebmg.native_blk_mem_gen/valid.cstr/ramloop[3].ram.r/v6_noinit.ram/SP.SIMPLE_PRIM36.ram
                                                             dat_sram/dat_sram3/U0/xst_blk_mem_generator/gnativebmg.native_blk_mem_gen/valid.cstr/ramloop[3].ram.r/v6_noinit.ram/SP.SIMPLE_PRIM36.ram
    -------------------------------------------------------  ---------------------------
    Total                                            4.470ns (0.644ns logic, 3.826ns route)
                                                             (14.4% logic, 85.6% route)

--------------------------------------------------------------------------------

Hold Paths: TS_clk = PERIOD TIMEGRP "clk" 4 ns HIGH 50%;
--------------------------------------------------------------------------------

Paths for end point dat_sram/dat_sram14/U0/xst_blk_mem_generator/gnativebmg.native_blk_mem_gen/valid.cstr/ramloop[4].ram.r/v6_noinit.ram/SP.SIMPLE_PRIM36.ram (RAMB36_X2Y32.DIADI8), 1 path
--------------------------------------------------------------------------------
Slack (hold path):      0.004ns (requirement - (clock path skew + uncertainty - data path))
  Source:               dat_sram/data_in_tmp1_81 (FF)
  Destination:          dat_sram/dat_sram14/U0/xst_blk_mem_generator/gnativebmg.native_blk_mem_gen/valid.cstr/ramloop[4].ram.r/v6_noinit.ram/SP.SIMPLE_PRIM36.ram (RAM)
  Requirement:          0.000ns
  Data Path Delay:      0.189ns (Levels of Logic = 0)
  Clock Path Skew:      0.185ns (0.825 - 0.640)
  Source Clock:         clk_BUFGP rising at 4.000ns
  Destination Clock:    clk_BUFGP rising at 4.000ns
  Clock Uncertainty:    0.000ns

  Minimum Data Path at Fast Process Corner: dat_sram/data_in_tmp1_81 to dat_sram/dat_sram14/U0/xst_blk_mem_generator/gnativebmg.native_blk_mem_gen/valid.cstr/ramloop[4].ram.r/v6_noinit.ram/SP.SIMPLE_PRIM36.ram
    Location                Delay type         Delay(ns)  Physical Resource
                                                          Logical Resource(s)
    ----------------------------------------------------  -------------------
    SLICE_X41Y157.BQ        Tcko                  0.098   dat_sram/data_in_tmp1<83>
                                                          dat_sram/data_in_tmp1_81
    RAMB36_X2Y32.DIADI8     net (fanout=36)       0.289   dat_sram/data_in_tmp1<81>
    RAMB36_X2Y32.CLKARDCLKL Trckd_DIA   (-Th)     0.198   dat_sram/dat_sram14/U0/xst_blk_mem_generator/gnativebmg.native_blk_mem_gen/valid.cstr/ramloop[4].ram.r/v6_noinit.ram/SP.SIMPLE_PRIM36.ram
                                                          dat_sram/dat_sram14/U0/xst_blk_mem_generator/gnativebmg.native_blk_mem_gen/valid.cstr/ramloop[4].ram.r/v6_noinit.ram/SP.SIMPLE_PRIM36.ram
    ----------------------------------------------------  ---------------------------
    Total                                         0.189ns (-0.100ns logic, 0.289ns route)
                                                          (-52.9% logic, 152.9% route)

--------------------------------------------------------------------------------

Paths for end point dat_sram/dat_sram14/U0/xst_blk_mem_generator/gnativebmg.native_blk_mem_gen/valid.cstr/ramloop[4].ram.r/v6_noinit.ram/SP.SIMPLE_PRIM36.ram (RAMB36_X2Y32.DIPADIP0), 1 path
--------------------------------------------------------------------------------
Slack (hold path):      0.006ns (requirement - (clock path skew + uncertainty - data path))
  Source:               dat_sram/data_in_tmp1_80 (FF)
  Destination:          dat_sram/dat_sram14/U0/xst_blk_mem_generator/gnativebmg.native_blk_mem_gen/valid.cstr/ramloop[4].ram.r/v6_noinit.ram/SP.SIMPLE_PRIM36.ram (RAM)
  Requirement:          0.000ns
  Data Path Delay:      0.191ns (Levels of Logic = 0)
  Clock Path Skew:      0.185ns (0.825 - 0.640)
  Source Clock:         clk_BUFGP rising at 4.000ns
  Destination Clock:    clk_BUFGP rising at 4.000ns
  Clock Uncertainty:    0.000ns

  Minimum Data Path at Fast Process Corner: dat_sram/data_in_tmp1_80 to dat_sram/dat_sram14/U0/xst_blk_mem_generator/gnativebmg.native_blk_mem_gen/valid.cstr/ramloop[4].ram.r/v6_noinit.ram/SP.SIMPLE_PRIM36.ram
    Location                Delay type         Delay(ns)  Physical Resource
                                                          Logical Resource(s)
    ----------------------------------------------------  -------------------
    SLICE_X41Y157.AQ        Tcko                  0.098   dat_sram/data_in_tmp1<83>
                                                          dat_sram/data_in_tmp1_80
    RAMB36_X2Y32.DIPADIP0   net (fanout=36)       0.291   dat_sram/data_in_tmp1<80>
    RAMB36_X2Y32.CLKARDCLKL Trckd_DIPA  (-Th)     0.198   dat_sram/dat_sram14/U0/xst_blk_mem_generator/gnativebmg.native_blk_mem_gen/valid.cstr/ramloop[4].ram.r/v6_noinit.ram/SP.SIMPLE_PRIM36.ram
                                                          dat_sram/dat_sram14/U0/xst_blk_mem_generator/gnativebmg.native_blk_mem_gen/valid.cstr/ramloop[4].ram.r/v6_noinit.ram/SP.SIMPLE_PRIM36.ram
    ----------------------------------------------------  ---------------------------
    Total                                         0.191ns (-0.100ns logic, 0.291ns route)
                                                          (-52.4% logic, 152.4% route)

--------------------------------------------------------------------------------

Paths for end point dat_sram/dat_sram18/U0/xst_blk_mem_generator/gnativebmg.native_blk_mem_gen/valid.cstr/ramloop[2].ram.r/v6_noinit.ram/SP.SIMPLE_PRIM36.ram (RAMB36_X3Y24.DIADI3), 1 path
--------------------------------------------------------------------------------
Slack (hold path):      0.016ns (requirement - (clock path skew + uncertainty - data path))
  Source:               dat_sram/data_in_tmp1_39 (FF)
  Destination:          dat_sram/dat_sram18/U0/xst_blk_mem_generator/gnativebmg.native_blk_mem_gen/valid.cstr/ramloop[2].ram.r/v6_noinit.ram/SP.SIMPLE_PRIM36.ram (RAM)
  Requirement:          0.000ns
  Data Path Delay:      0.143ns (Levels of Logic = 0)
  Clock Path Skew:      0.127ns (0.590 - 0.463)
  Source Clock:         clk_BUFGP rising at 4.000ns
  Destination Clock:    clk_BUFGP rising at 4.000ns
  Clock Uncertainty:    0.000ns

  Minimum Data Path at Fast Process Corner: dat_sram/data_in_tmp1_39 to dat_sram/dat_sram18/U0/xst_blk_mem_generator/gnativebmg.native_blk_mem_gen/valid.cstr/ramloop[2].ram.r/v6_noinit.ram/SP.SIMPLE_PRIM36.ram
    Location                Delay type         Delay(ns)  Physical Resource
                                                          Logical Resource(s)
    ----------------------------------------------------  -------------------
    SLICE_X53Y125.DQ        Tcko                  0.098   dat_sram/data_in_tmp1<39>
                                                          dat_sram/data_in_tmp1_39
    RAMB36_X3Y24.DIADI3     net (fanout=36)       0.243   dat_sram/data_in_tmp1<39>
    RAMB36_X3Y24.CLKARDCLKL Trckd_DIA   (-Th)     0.198   dat_sram/dat_sram18/U0/xst_blk_mem_generator/gnativebmg.native_blk_mem_gen/valid.cstr/ramloop[2].ram.r/v6_noinit.ram/SP.SIMPLE_PRIM36.ram
                                                          dat_sram/dat_sram18/U0/xst_blk_mem_generator/gnativebmg.native_blk_mem_gen/valid.cstr/ramloop[2].ram.r/v6_noinit.ram/SP.SIMPLE_PRIM36.ram
    ----------------------------------------------------  ---------------------------
    Total                                         0.143ns (-0.100ns logic, 0.243ns route)
                                                          (-69.9% logic, 169.9% route)

--------------------------------------------------------------------------------

Component Switching Limit Checks: TS_clk = PERIOD TIMEGRP "clk" 4 ns HIGH 50%;
--------------------------------------------------------------------------------
Slack: 2.333ns (period - min period limit)
  Period: 4.000ns
  Min period limit: 1.667ns (599.880MHz) (Trper_CLKA)
  Physical resource: dat_sram/dat_sram9/U0/xst_blk_mem_generator/gnativebmg.native_blk_mem_gen/valid.cstr/ramloop[7].ram.r/v6_noinit.ram/SP.SIMPLE_PRIM36.ram/CLKARDCLKL
  Logical resource: dat_sram/dat_sram9/U0/xst_blk_mem_generator/gnativebmg.native_blk_mem_gen/valid.cstr/ramloop[7].ram.r/v6_noinit.ram/SP.SIMPLE_PRIM36.ram/CLKARDCLKL
  Location pin: RAMB36_X8Y22.CLKARDCLKL
  Clock network: clk_BUFGP
--------------------------------------------------------------------------------
Slack: 2.333ns (period - min period limit)
  Period: 4.000ns
  Min period limit: 1.667ns (599.880MHz) (Trper_CLKB)
  Physical resource: dat_sram/dat_sram9/U0/xst_blk_mem_generator/gnativebmg.native_blk_mem_gen/valid.cstr/ramloop[7].ram.r/v6_noinit.ram/SP.SIMPLE_PRIM36.ram/CLKBWRCLKL
  Logical resource: dat_sram/dat_sram9/U0/xst_blk_mem_generator/gnativebmg.native_blk_mem_gen/valid.cstr/ramloop[7].ram.r/v6_noinit.ram/SP.SIMPLE_PRIM36.ram/CLKBWRCLKL
  Location pin: RAMB36_X8Y22.CLKBWRCLKL
  Clock network: clk_BUFGP
--------------------------------------------------------------------------------
Slack: 2.333ns (period - min period limit)
  Period: 4.000ns
  Min period limit: 1.667ns (599.880MHz) (Trper_CLKA)
  Physical resource: dat_sram/dat_sram9/U0/xst_blk_mem_generator/gnativebmg.native_blk_mem_gen/valid.cstr/ramloop[6].ram.r/v6_noinit.ram/SP.SIMPLE_PRIM36.ram/CLKARDCLKL
  Logical resource: dat_sram/dat_sram9/U0/xst_blk_mem_generator/gnativebmg.native_blk_mem_gen/valid.cstr/ramloop[6].ram.r/v6_noinit.ram/SP.SIMPLE_PRIM36.ram/CLKARDCLKL
  Location pin: RAMB36_X6Y22.CLKARDCLKL
  Clock network: clk_BUFGP
--------------------------------------------------------------------------------


1 constraint not met.


Data Sheet report:
-----------------
All values displayed in nanoseconds (ns)

Clock to Setup on destination clock clk
---------------+---------+---------+---------+---------+
               | Src:Rise| Src:Fall| Src:Rise| Src:Fall|
Source Clock   |Dest:Rise|Dest:Rise|Dest:Fall|Dest:Fall|
---------------+---------+---------+---------+---------+
clk            |    4.417|         |         |         |
---------------+---------+---------+---------+---------+


Timing summary:
---------------

Timing errors: 311  Score: 25767  (Setup/Max: 25767, Hold: 0)

Constraints cover 287889 paths, 0 nets, and 73474 connections

Design statistics:
   Minimum period:   4.417ns{1}   (Maximum frequency: 226.398MHz)


------------------------------------Footnotes-----------------------------------
1)  The minimum period statistic assumes all single cycle delays.

Analysis completed Wed Oct  7 17:56:46 2015 
--------------------------------------------------------------------------------

Trace Settings:
-------------------------
Trace Settings 

Peak Memory Usage: 619 MB



