
Release 13.2 SmartXplorer
Copyright(c) 1995-2010 Xilinx, Inc. All rights reserved.
smartxplorer -p xc6vlx240t-ff784-3 -b -wd smartxplorer_results asip_top.ngd -to "-v 3 -s 3 -n 3 -fastpaths -xml asip_top.twx -ucf asip_top.ucf" -max_runs 3

SmartXplorer Settings: 

designName=/home/david/Dropbox/NiederreiterCryptoprocessor/ASIP/sim/ise_project/asip_top.ngd 
write_dir=/home/david/Dropbox/NiederreiterCryptoprocessor/ASIP/sim/ise_project/smartxplorer_results 
host_list=None 
part=xc6vlx240t-ff784-3 
strategy_file=None 
notify=None 
source_dir=/home/david/Dropbox/NiederreiterCryptoprocessor/ASIP/sim/ise_project 
batch_mode=True 
run_all_strategies=False 
list_all_strategies=False 
remote_command=rsh
area_report="lut;slice_reg"
power_options=off
trce_options="-v 3 -s 3 -n 3 -fastpaths -xml asip_top.twx -ucf asip_top.ucf"
max_runs=3

WARNING: No host list file specified. Using only local machine.
Starting SmartXplorer...
See file 'smartxplorer.html' for real-time report.


Running SmartXplorer strategies...


######################################################################
 BestStrategy : MapRegDup
######################################################################
 Run index                           : run3
 Map options                         : -ol high -xe n -register_duplication on -w 
 Par options                         : -ol high -xe n 
 Number of Luts                      : 10,509 (6%)
 Number of Slice Registers           : 8,223 (2%)
 Achieved Timing Score               : 431
 Worst Case Slack                : -0.108ns

######################################################################

Total Real Time:1502.8(secs)
SmartXplorer Done


SmartXplorer Done. See file 'smartxplorer.txt' for detailed report.
